[0.010s] Invoking command in '/home/prasham/Prasham/GitHub/ros2_basics_ws/build/my_robot_interfaces': CMAKE_PREFIX_PATH=${CMAKE_PREFIX_PATH}:/home/prasham/Prasham/GitHub/ros2_basics_ws/install/my_py_pkg:/opt/ros/humble /usr/bin/cmake --build /home/prasham/Prasham/GitHub/ros2_basics_ws/build/my_robot_interfaces -- -j8 -l8
[0.034s] -- Found ament_cmake: 1.3.10 (/opt/ros/humble/share/ament_cmake/cmake)
[0.144s] -- Override CMake install command with custom implementation using symlinks instead of copying resources
[0.151s] -- Found rosidl_default_generators: 1.2.0 (/opt/ros/humble/share/rosidl_default_generators/cmake)
[0.152s] -- Using all available rosidl_typesupport_c: rosidl_typesupport_fastrtps_c;rosidl_typesupport_introspection_c
[0.155s] -- Found rosidl_adapter: 3.1.5 (/opt/ros/humble/share/rosidl_adapter/cmake)
[0.186s] -- Using all available rosidl_typesupport_cpp: rosidl_typesupport_fastrtps_cpp;rosidl_typesupport_introspection_cpp
[0.441s] -- Found ament_cmake_ros: 0.10.0 (/opt/ros/humble/share/ament_cmake_ros/cmake)
[0.608s] -- Using all available rosidl_typesupport_c: rosidl_typesupport_fastrtps_c;rosidl_typesupport_introspection_c
[0.827s] -- Using all available rosidl_typesupport_cpp: rosidl_typesupport_fastrtps_cpp;rosidl_typesupport_introspection_cpp
[0.849s] -- Found python_cmake_module: 0.10.0 (/opt/ros/humble/share/python_cmake_module/cmake)
[0.870s] -- Using PYTHON_EXECUTABLE: /usr/bin/python3
[0.870s] -- Using PYTHON_INCLUDE_DIRS: /usr/include/python3.10
[0.870s] -- Using PYTHON_LIBRARIES: /usr/lib/x86_64-linux-gnu/libpython3.10.so
[0.888s] -- Configuring done
[0.916s] -- Generating done
[0.919s] -- Build files have been written to: /home/prasham/Prasham/GitHub/ros2_basics_ws/build/my_robot_interfaces
[0.947s] [  2%] [34m[1mGenerating C code for ROS interfaces[0m
[0.958s] [  5%] [34m[1mGenerating C++ code for ROS interfaces[0m
[0.967s] [  5%] Built target ament_cmake_python_symlink_my_robot_interfaces
[1.252s] running egg_info
[1.253s] writing my_robot_interfaces.egg-info/PKG-INFO
[1.253s] writing dependency_links to my_robot_interfaces.egg-info/dependency_links.txt
[1.253s] writing top-level names to my_robot_interfaces.egg-info/top_level.txt
[1.256s] reading manifest file 'my_robot_interfaces.egg-info/SOURCES.txt'
[1.256s] writing manifest file 'my_robot_interfaces.egg-info/SOURCES.txt'
[1.258s] [35m[1mConsolidate compiler generated dependencies of target my_robot_interfaces__rosidl_generator_c[0m
[1.267s] [  5%] Built target my_robot_interfaces__cpp
[1.272s] [  7%] [32mBuilding C object CMakeFiles/my_robot_interfaces__rosidl_generator_c.dir/rosidl_generator_c/my_robot_interfaces/srv/detail/catch_turtle__functions.c.o[0m
[1.273s] [ 10%] [32mBuilding C object CMakeFiles/my_robot_interfaces__rosidl_generator_c.dir/rosidl_generator_c/my_robot_interfaces/msg/detail/alive_turtles_list__functions.c.o[0m
[1.281s] [ 12%] [34m[1mGenerating C++ type support dispatch for ROS interfaces[0m
[1.284s] [ 17%] [34m[1mGenerating C++ introspection for ROS interfaces[0m
[1.284s] [ 17%] [34m[1mGenerating C++ type support for eProsima Fast-RTPS[0m
[1.299s] [ 17%] Built target ament_cmake_python_build_my_robot_interfaces_egg
[1.362s] [ 20%] [32m[1mLinking C shared library libmy_robot_interfaces__rosidl_generator_c.so[0m
[1.399s] [ 20%] Built target my_robot_interfaces__rosidl_generator_c
[1.410s] [ 23%] [34m[1mGenerating C type support dispatch for ROS interfaces[0m
[1.413s] [ 25%] [34m[1mGenerating C type support for eProsima Fast-RTPS[0m
[1.414s] [ 28%] [34m[1mGenerating C introspection for ROS interfaces[0m
[1.601s] [35m[1mConsolidate compiler generated dependencies of target my_robot_interfaces__rosidl_typesupport_cpp[0m
[1.620s] [ 30%] [32mBuilding CXX object CMakeFiles/my_robot_interfaces__rosidl_typesupport_cpp.dir/rosidl_typesupport_cpp/my_robot_interfaces/msg/alive_turtles_list__type_support.cpp.o[0m
[1.620s] [ 33%] [32mBuilding CXX object CMakeFiles/my_robot_interfaces__rosidl_typesupport_cpp.dir/rosidl_typesupport_cpp/my_robot_interfaces/srv/catch_turtle__type_support.cpp.o[0m
[1.653s] [35m[1mConsolidate compiler generated dependencies of target my_robot_interfaces__rosidl_typesupport_fastrtps_cpp[0m
[1.672s] [ 38%] [32mBuilding CXX object CMakeFiles/my_robot_interfaces__rosidl_typesupport_fastrtps_cpp.dir/rosidl_typesupport_fastrtps_cpp/my_robot_interfaces/srv/detail/dds_fastrtps/catch_turtle__type_support.cpp.o[0m
[1.673s] [ 38%] [32mBuilding CXX object CMakeFiles/my_robot_interfaces__rosidl_typesupport_fastrtps_cpp.dir/rosidl_typesupport_fastrtps_cpp/my_robot_interfaces/msg/detail/dds_fastrtps/alive_turtles_list__type_support.cpp.o[0m
[1.685s] [35m[1mConsolidate compiler generated dependencies of target my_robot_interfaces__rosidl_typesupport_introspection_cpp[0m
[1.701s] [ 41%] [32mBuilding CXX object CMakeFiles/my_robot_interfaces__rosidl_typesupport_introspection_cpp.dir/rosidl_typesupport_introspection_cpp/my_robot_interfaces/msg/detail/alive_turtles_list__type_support.cpp.o[0m
[1.715s] [35m[1mConsolidate compiler generated dependencies of target my_robot_interfaces__rosidl_typesupport_c[0m
[1.733s] [ 43%] [32mBuilding CXX object CMakeFiles/my_robot_interfaces__rosidl_typesupport_c.dir/rosidl_typesupport_c/my_robot_interfaces/msg/alive_turtles_list__type_support.cpp.o[0m
[1.781s] [ 46%] [32mBuilding CXX object CMakeFiles/my_robot_interfaces__rosidl_typesupport_c.dir/rosidl_typesupport_c/my_robot_interfaces/srv/catch_turtle__type_support.cpp.o[0m
[1.874s] [ 48%] [32m[1mLinking CXX shared library libmy_robot_interfaces__rosidl_typesupport_c.so[0m
[1.959s] [ 48%] Built target my_robot_interfaces__rosidl_typesupport_c
[1.959s] [35m[1mConsolidate compiler generated dependencies of target my_robot_interfaces__rosidl_typesupport_introspection_c[0m
[1.959s] [35m[1mConsolidate compiler generated dependencies of target my_robot_interfaces__rosidl_typesupport_fastrtps_c[0m
[1.976s] [ 51%] [32mBuilding CXX object CMakeFiles/my_robot_interfaces__rosidl_typesupport_introspection_cpp.dir/rosidl_typesupport_introspection_cpp/my_robot_interfaces/srv/detail/catch_turtle__type_support.cpp.o[0m
[1.979s] [ 53%] [32mBuilding C object CMakeFiles/my_robot_interfaces__rosidl_typesupport_introspection_c.dir/rosidl_typesupport_introspection_c/my_robot_interfaces/msg/detail/alive_turtles_list__type_support.c.o[0m
[1.983s] [ 56%] [32mBuilding CXX object CMakeFiles/my_robot_interfaces__rosidl_typesupport_fastrtps_c.dir/rosidl_typesupport_fastrtps_c/my_robot_interfaces/msg/detail/alive_turtles_list__type_support_c.cpp.o[0m
[2.057s] [ 58%] [32mBuilding C object CMakeFiles/my_robot_interfaces__rosidl_typesupport_introspection_c.dir/rosidl_typesupport_introspection_c/my_robot_interfaces/srv/detail/catch_turtle__type_support.c.o[0m
[2.083s] [ 61%] [32mBuilding CXX object CMakeFiles/my_robot_interfaces__rosidl_typesupport_fastrtps_c.dir/rosidl_typesupport_fastrtps_c/my_robot_interfaces/srv/detail/catch_turtle__type_support_c.cpp.o[0m
[2.098s] [ 64%] [32m[1mLinking CXX shared library libmy_robot_interfaces__rosidl_typesupport_cpp.so[0m
[2.123s] [ 66%] [32m[1mLinking C shared library libmy_robot_interfaces__rosidl_typesupport_introspection_c.so[0m
[2.172s] [ 66%] Built target my_robot_interfaces__rosidl_typesupport_cpp
[2.181s] [ 66%] Built target my_robot_interfaces__rosidl_typesupport_introspection_c
[2.512s] [ 71%] [32m[1mLinking CXX shared library libmy_robot_interfaces__rosidl_typesupport_fastrtps_c.so[0m
[2.512s] [ 71%] [32m[1mLinking CXX shared library libmy_robot_interfaces__rosidl_typesupport_fastrtps_cpp.so[0m
[2.571s] [ 74%] [32m[1mLinking CXX shared library libmy_robot_interfaces__rosidl_typesupport_introspection_cpp.so[0m
[2.627s] [ 74%] Built target my_robot_interfaces__rosidl_typesupport_fastrtps_c
[2.632s] [ 74%] Built target my_robot_interfaces__rosidl_typesupport_fastrtps_cpp
[2.688s] [ 74%] Built target my_robot_interfaces__rosidl_typesupport_introspection_cpp
[2.718s] [ 74%] Built target my_robot_interfaces
[2.750s] [ 76%] [34m[1mGenerating Python code for ROS interfaces[0m
[3.160s] [ 76%] Built target my_robot_interfaces__py
[3.172s] [35m[1mConsolidate compiler generated dependencies of target my_robot_interfaces__rosidl_generator_py[0m
[3.188s] [ 82%] [32mBuilding C object CMakeFiles/my_robot_interfaces__rosidl_generator_py.dir/rosidl_generator_py/my_robot_interfaces/msg/_alive_turtles_list_s.c.o[0m
[3.188s] [ 82%] [32mBuilding C object CMakeFiles/my_robot_interfaces__rosidl_generator_py.dir/rosidl_generator_py/my_robot_interfaces/srv/_catch_turtle_s.c.o[0m
[3.307s] [ 84%] [32m[1mLinking C shared library rosidl_generator_py/my_robot_interfaces/libmy_robot_interfaces__rosidl_generator_py.so[0m
[3.351s] [ 84%] Built target my_robot_interfaces__rosidl_generator_py
[3.364s] [35m[1mConsolidate compiler generated dependencies of target my_robot_interfaces__rosidl_typesupport_c__pyext[0m
[3.364s] [35m[1mConsolidate compiler generated dependencies of target my_robot_interfaces__rosidl_typesupport_introspection_c__pyext[0m
[3.364s] [35m[1mConsolidate compiler generated dependencies of target my_robot_interfaces__rosidl_typesupport_fastrtps_c__pyext[0m
[3.379s] [ 92%] [32mBuilding C object CMakeFiles/my_robot_interfaces__rosidl_typesupport_introspection_c__pyext.dir/rosidl_generator_py/my_robot_interfaces/_my_robot_interfaces_s.ep.rosidl_typesupport_introspection_c.c.o[0m
[3.379s] [ 92%] [32mBuilding C object CMakeFiles/my_robot_interfaces__rosidl_typesupport_c__pyext.dir/rosidl_generator_py/my_robot_interfaces/_my_robot_interfaces_s.ep.rosidl_typesupport_c.c.o[0m
[3.379s] [ 92%] [32mBuilding C object CMakeFiles/my_robot_interfaces__rosidl_typesupport_fastrtps_c__pyext.dir/rosidl_generator_py/my_robot_interfaces/_my_robot_interfaces_s.ep.rosidl_typesupport_fastrtps_c.c.o[0m
[3.486s] [ 94%] [32m[1mLinking C shared library rosidl_generator_py/my_robot_interfaces/my_robot_interfaces_s__rosidl_typesupport_c.cpython-310-x86_64-linux-gnu.so[0m
[3.486s] [ 97%] [32m[1mLinking C shared library rosidl_generator_py/my_robot_interfaces/my_robot_interfaces_s__rosidl_typesupport_introspection_c.cpython-310-x86_64-linux-gnu.so[0m
[3.516s] [100%] [32m[1mLinking C shared library rosidl_generator_py/my_robot_interfaces/my_robot_interfaces_s__rosidl_typesupport_fastrtps_c.cpython-310-x86_64-linux-gnu.so[0m
[3.524s] [100%] Built target my_robot_interfaces__rosidl_typesupport_c__pyext
[3.524s] [100%] Built target my_robot_interfaces__rosidl_typesupport_introspection_c__pyext
[3.552s] [100%] Built target my_robot_interfaces__rosidl_typesupport_fastrtps_c__pyext
[3.565s] Invoked command in '/home/prasham/Prasham/GitHub/ros2_basics_ws/build/my_robot_interfaces' returned '0': CMAKE_PREFIX_PATH=${CMAKE_PREFIX_PATH}:/home/prasham/Prasham/GitHub/ros2_basics_ws/install/my_py_pkg:/opt/ros/humble /usr/bin/cmake --build /home/prasham/Prasham/GitHub/ros2_basics_ws/build/my_robot_interfaces -- -j8 -l8
[3.670s] Invoking command in '/home/prasham/Prasham/GitHub/ros2_basics_ws/build/my_robot_interfaces': CMAKE_PREFIX_PATH=${CMAKE_PREFIX_PATH}:/home/prasham/Prasham/GitHub/ros2_basics_ws/install/my_py_pkg:/opt/ros/humble /usr/bin/cmake --install /home/prasham/Prasham/GitHub/ros2_basics_ws/build/my_robot_interfaces
[3.679s] -- Install configuration: ""
[3.680s] -- Execute custom install script
[3.680s] -- Up-to-date symlink: /home/prasham/Prasham/GitHub/ros2_basics_ws/install/my_robot_interfaces/share/ament_index/resource_index/rosidl_interfaces/my_robot_interfaces
[3.680s] -- Up-to-date symlink: /home/prasham/Prasham/GitHub/ros2_basics_ws/install/my_robot_interfaces/include/my_robot_interfaces/my_robot_interfaces/msg/alive_turtles_list.h
[3.681s] -- Up-to-date symlink: /home/prasham/Prasham/GitHub/ros2_basics_ws/install/my_robot_interfaces/include/my_robot_interfaces/my_robot_interfaces/msg/detail/alive_turtles_list__functions.h
[3.681s] -- Up-to-date symlink: /home/prasham/Prasham/GitHub/ros2_basics_ws/install/my_robot_interfaces/include/my_robot_interfaces/my_robot_interfaces/msg/detail/alive_turtles_list__struct.h
[3.681s] -- Up-to-date symlink: /home/prasham/Prasham/GitHub/ros2_basics_ws/install/my_robot_interfaces/include/my_robot_interfaces/my_robot_interfaces/msg/detail/alive_turtles_list__type_support.h
[3.681s] -- Up-to-date symlink: /home/prasham/Prasham/GitHub/ros2_basics_ws/install/my_robot_interfaces/include/my_robot_interfaces/my_robot_interfaces/msg/rosidl_generator_c__visibility_control.h
[3.681s] -- Symlinking: /home/prasham/Prasham/GitHub/ros2_basics_ws/install/my_robot_interfaces/include/my_robot_interfaces/my_robot_interfaces/srv/catch_turtle.h
[3.691s] -- Symlinking: /home/prasham/Prasham/GitHub/ros2_basics_ws/install/my_robot_interfaces/include/my_robot_interfaces/my_robot_interfaces/srv/detail/catch_turtle__functions.h
[3.701s] -- Symlinking: /home/prasham/Prasham/GitHub/ros2_basics_ws/install/my_robot_interfaces/include/my_robot_interfaces/my_robot_interfaces/srv/detail/catch_turtle__struct.h
[3.711s] -- Symlinking: /home/prasham/Prasham/GitHub/ros2_basics_ws/install/my_robot_interfaces/include/my_robot_interfaces/my_robot_interfaces/srv/detail/catch_turtle__type_support.h
[3.722s] -- Up-to-date symlink: /home/prasham/Prasham/GitHub/ros2_basics_ws/install/my_robot_interfaces/share/my_robot_interfaces/environment/library_path.sh
[3.722s] -- Up-to-date symlink: /home/prasham/Prasham/GitHub/ros2_basics_ws/install/my_robot_interfaces/share/my_robot_interfaces/environment/library_path.dsv
[3.723s] -- Up-to-date symlink: /home/prasham/Prasham/GitHub/ros2_basics_ws/install/my_robot_interfaces/include/my_robot_interfaces/my_robot_interfaces/msg/detail/alive_turtles_list__rosidl_typesupport_fastrtps_c.h
[3.723s] -- Up-to-date symlink: /home/prasham/Prasham/GitHub/ros2_basics_ws/install/my_robot_interfaces/include/my_robot_interfaces/my_robot_interfaces/msg/rosidl_typesupport_fastrtps_c__visibility_control.h
[3.723s] -- Symlinking: /home/prasham/Prasham/GitHub/ros2_basics_ws/install/my_robot_interfaces/include/my_robot_interfaces/my_robot_interfaces/srv/detail/catch_turtle__rosidl_typesupport_fastrtps_c.h
[3.734s] -- Up-to-date symlink: /home/prasham/Prasham/GitHub/ros2_basics_ws/install/my_robot_interfaces/include/my_robot_interfaces/my_robot_interfaces/msg/detail/alive_turtles_list__rosidl_typesupport_introspection_c.h
[3.734s] -- Up-to-date symlink: /home/prasham/Prasham/GitHub/ros2_basics_ws/install/my_robot_interfaces/include/my_robot_interfaces/my_robot_interfaces/msg/rosidl_typesupport_introspection_c__visibility_control.h
[3.734s] -- Symlinking: /home/prasham/Prasham/GitHub/ros2_basics_ws/install/my_robot_interfaces/include/my_robot_interfaces/my_robot_interfaces/srv/detail/catch_turtle__rosidl_typesupport_introspection_c.h
[3.746s] -- Up-to-date symlink: /home/prasham/Prasham/GitHub/ros2_basics_ws/install/my_robot_interfaces/include/my_robot_interfaces/my_robot_interfaces/msg/alive_turtles_list.hpp
[3.746s] -- Up-to-date symlink: /home/prasham/Prasham/GitHub/ros2_basics_ws/install/my_robot_interfaces/include/my_robot_interfaces/my_robot_interfaces/msg/detail/alive_turtles_list__builder.hpp
[3.746s] -- Up-to-date symlink: /home/prasham/Prasham/GitHub/ros2_basics_ws/install/my_robot_interfaces/include/my_robot_interfaces/my_robot_interfaces/msg/detail/alive_turtles_list__struct.hpp
[3.746s] -- Up-to-date symlink: /home/prasham/Prasham/GitHub/ros2_basics_ws/install/my_robot_interfaces/include/my_robot_interfaces/my_robot_interfaces/msg/detail/alive_turtles_list__traits.hpp
[3.746s] -- Symlinking: /home/prasham/Prasham/GitHub/ros2_basics_ws/install/my_robot_interfaces/include/my_robot_interfaces/my_robot_interfaces/srv/catch_turtle.hpp
[3.757s] -- Symlinking: /home/prasham/Prasham/GitHub/ros2_basics_ws/install/my_robot_interfaces/include/my_robot_interfaces/my_robot_interfaces/srv/detail/catch_turtle__builder.hpp
[3.768s] -- Symlinking: /home/prasham/Prasham/GitHub/ros2_basics_ws/install/my_robot_interfaces/include/my_robot_interfaces/my_robot_interfaces/srv/detail/catch_turtle__struct.hpp
[3.779s] -- Symlinking: /home/prasham/Prasham/GitHub/ros2_basics_ws/install/my_robot_interfaces/include/my_robot_interfaces/my_robot_interfaces/srv/detail/catch_turtle__traits.hpp
[3.790s] -- Up-to-date symlink: /home/prasham/Prasham/GitHub/ros2_basics_ws/install/my_robot_interfaces/include/my_robot_interfaces/my_robot_interfaces/msg/detail/alive_turtles_list__rosidl_typesupport_fastrtps_cpp.hpp
[3.790s] -- Up-to-date symlink: /home/prasham/Prasham/GitHub/ros2_basics_ws/install/my_robot_interfaces/include/my_robot_interfaces/my_robot_interfaces/msg/rosidl_typesupport_fastrtps_cpp__visibility_control.h
[3.790s] -- Symlinking: /home/prasham/Prasham/GitHub/ros2_basics_ws/install/my_robot_interfaces/include/my_robot_interfaces/my_robot_interfaces/srv/detail/catch_turtle__rosidl_typesupport_fastrtps_cpp.hpp
[3.801s] -- Up-to-date symlink: /home/prasham/Prasham/GitHub/ros2_basics_ws/install/my_robot_interfaces/include/my_robot_interfaces/my_robot_interfaces/msg/detail/alive_turtles_list__rosidl_typesupport_introspection_cpp.hpp
[3.801s] -- Symlinking: /home/prasham/Prasham/GitHub/ros2_basics_ws/install/my_robot_interfaces/include/my_robot_interfaces/my_robot_interfaces/srv/detail/catch_turtle__rosidl_typesupport_introspection_cpp.hpp
[3.812s] -- Up-to-date symlink: /home/prasham/Prasham/GitHub/ros2_basics_ws/install/my_robot_interfaces/share/my_robot_interfaces/environment/pythonpath.sh
[3.812s] -- Up-to-date symlink: /home/prasham/Prasham/GitHub/ros2_basics_ws/install/my_robot_interfaces/share/my_robot_interfaces/environment/pythonpath.dsv
[3.812s] -- Up-to-date symlink: /home/prasham/Prasham/GitHub/ros2_basics_ws/install/my_robot_interfaces/local/lib/python3.10/dist-packages/my_robot_interfaces-0.0.0-py3.10.egg-info/PKG-INFO
[3.812s] -- Up-to-date symlink: /home/prasham/Prasham/GitHub/ros2_basics_ws/install/my_robot_interfaces/local/lib/python3.10/dist-packages/my_robot_interfaces-0.0.0-py3.10.egg-info/SOURCES.txt
[3.812s] -- Up-to-date symlink: /home/prasham/Prasham/GitHub/ros2_basics_ws/install/my_robot_interfaces/local/lib/python3.10/dist-packages/my_robot_interfaces-0.0.0-py3.10.egg-info/dependency_links.txt
[3.813s] -- Up-to-date symlink: /home/prasham/Prasham/GitHub/ros2_basics_ws/install/my_robot_interfaces/local/lib/python3.10/dist-packages/my_robot_interfaces-0.0.0-py3.10.egg-info/top_level.txt
[3.813s] -- Up-to-date symlink: /home/prasham/Prasham/GitHub/ros2_basics_ws/install/my_robot_interfaces/local/lib/python3.10/dist-packages/my_robot_interfaces/__init__.py
[3.814s] -- Up-to-date symlink: /home/prasham/Prasham/GitHub/ros2_basics_ws/install/my_robot_interfaces/local/lib/python3.10/dist-packages/my_robot_interfaces/_my_robot_interfaces_s.ep.rosidl_typesupport_c.c
[3.814s] -- Up-to-date symlink: /home/prasham/Prasham/GitHub/ros2_basics_ws/install/my_robot_interfaces/local/lib/python3.10/dist-packages/my_robot_interfaces/_my_robot_interfaces_s.ep.rosidl_typesupport_fastrtps_c.c
[3.814s] -- Up-to-date symlink: /home/prasham/Prasham/GitHub/ros2_basics_ws/install/my_robot_interfaces/local/lib/python3.10/dist-packages/my_robot_interfaces/_my_robot_interfaces_s.ep.rosidl_typesupport_introspection_c.c
[3.814s] -- Up-to-date symlink: /home/prasham/Prasham/GitHub/ros2_basics_ws/install/my_robot_interfaces/local/lib/python3.10/dist-packages/my_robot_interfaces/libmy_robot_interfaces__rosidl_generator_py.so
[3.814s] -- Up-to-date symlink: /home/prasham/Prasham/GitHub/ros2_basics_ws/install/my_robot_interfaces/local/lib/python3.10/dist-packages/my_robot_interfaces/msg/__init__.py
[3.814s] -- Up-to-date symlink: /home/prasham/Prasham/GitHub/ros2_basics_ws/install/my_robot_interfaces/local/lib/python3.10/dist-packages/my_robot_interfaces/msg/_alive_turtles_list.py
[3.814s] -- Up-to-date symlink: /home/prasham/Prasham/GitHub/ros2_basics_ws/install/my_robot_interfaces/local/lib/python3.10/dist-packages/my_robot_interfaces/msg/_alive_turtles_list_s.c
[3.815s] -- Up-to-date symlink: /home/prasham/Prasham/GitHub/ros2_basics_ws/install/my_robot_interfaces/local/lib/python3.10/dist-packages/my_robot_interfaces/my_robot_interfaces_s__rosidl_typesupport_c.cpython-310-x86_64-linux-gnu.so
[3.815s] -- Up-to-date symlink: /home/prasham/Prasham/GitHub/ros2_basics_ws/install/my_robot_interfaces/local/lib/python3.10/dist-packages/my_robot_interfaces/my_robot_interfaces_s__rosidl_typesupport_fastrtps_c.cpython-310-x86_64-linux-gnu.so
[3.815s] -- Up-to-date symlink: /home/prasham/Prasham/GitHub/ros2_basics_ws/install/my_robot_interfaces/local/lib/python3.10/dist-packages/my_robot_interfaces/my_robot_interfaces_s__rosidl_typesupport_introspection_c.cpython-310-x86_64-linux-gnu.so
[3.815s] -- Symlinking: /home/prasham/Prasham/GitHub/ros2_basics_ws/install/my_robot_interfaces/local/lib/python3.10/dist-packages/my_robot_interfaces/srv/__init__.py
[3.826s] -- Symlinking: /home/prasham/Prasham/GitHub/ros2_basics_ws/install/my_robot_interfaces/local/lib/python3.10/dist-packages/my_robot_interfaces/srv/_catch_turtle.py
[3.837s] -- Symlinking: /home/prasham/Prasham/GitHub/ros2_basics_ws/install/my_robot_interfaces/local/lib/python3.10/dist-packages/my_robot_interfaces/srv/_catch_turtle_s.c
[3.848s] -- Up-to-date symlink: /home/prasham/Prasham/GitHub/ros2_basics_ws/install/my_robot_interfaces/local/lib/python3.10/dist-packages/my_robot_interfaces/my_robot_interfaces_s__rosidl_typesupport_fastrtps_c.cpython-310-x86_64-linux-gnu.so
[3.848s] -- Up-to-date symlink: /home/prasham/Prasham/GitHub/ros2_basics_ws/install/my_robot_interfaces/local/lib/python3.10/dist-packages/my_robot_interfaces/my_robot_interfaces_s__rosidl_typesupport_introspection_c.cpython-310-x86_64-linux-gnu.so
[3.848s] -- Up-to-date symlink: /home/prasham/Prasham/GitHub/ros2_basics_ws/install/my_robot_interfaces/local/lib/python3.10/dist-packages/my_robot_interfaces/my_robot_interfaces_s__rosidl_typesupport_c.cpython-310-x86_64-linux-gnu.so
[3.848s] -- Up-to-date symlink: /home/prasham/Prasham/GitHub/ros2_basics_ws/install/my_robot_interfaces/share/my_robot_interfaces/msg/AliveTurtlesList.idl
[3.849s] -- Symlinking: /home/prasham/Prasham/GitHub/ros2_basics_ws/install/my_robot_interfaces/share/my_robot_interfaces/srv/CatchTurtle.idl
[3.859s] -- Up-to-date symlink: /home/prasham/Prasham/GitHub/ros2_basics_ws/install/my_robot_interfaces/share/my_robot_interfaces/msg/AliveTurtlesList.msg
[3.859s] -- Symlinking: /home/prasham/Prasham/GitHub/ros2_basics_ws/install/my_robot_interfaces/share/my_robot_interfaces/srv/CatchTurtle.srv
[3.870s] -- Symlinking: /home/prasham/Prasham/GitHub/ros2_basics_ws/install/my_robot_interfaces/share/my_robot_interfaces/srv/CatchTurtle_Request.msg
[3.880s] -- Symlinking: /home/prasham/Prasham/GitHub/ros2_basics_ws/install/my_robot_interfaces/share/my_robot_interfaces/srv/CatchTurtle_Response.msg
[3.891s] -- Up-to-date symlink: /home/prasham/Prasham/GitHub/ros2_basics_ws/install/my_robot_interfaces/share/ament_index/resource_index/package_run_dependencies/my_robot_interfaces
[3.891s] -- Up-to-date symlink: /home/prasham/Prasham/GitHub/ros2_basics_ws/install/my_robot_interfaces/share/ament_index/resource_index/parent_prefix_path/my_robot_interfaces
[3.891s] -- Up-to-date symlink: /home/prasham/Prasham/GitHub/ros2_basics_ws/install/my_robot_interfaces/share/my_robot_interfaces/environment/ament_prefix_path.sh
[3.891s] -- Up-to-date symlink: /home/prasham/Prasham/GitHub/ros2_basics_ws/install/my_robot_interfaces/share/my_robot_interfaces/environment/ament_prefix_path.dsv
[3.891s] -- Up-to-date symlink: /home/prasham/Prasham/GitHub/ros2_basics_ws/install/my_robot_interfaces/share/my_robot_interfaces/environment/path.sh
[3.892s] -- Up-to-date symlink: /home/prasham/Prasham/GitHub/ros2_basics_ws/install/my_robot_interfaces/share/my_robot_interfaces/environment/path.dsv
[3.892s] -- Up-to-date symlink: /home/prasham/Prasham/GitHub/ros2_basics_ws/install/my_robot_interfaces/share/my_robot_interfaces/local_setup.bash
[3.892s] -- Up-to-date symlink: /home/prasham/Prasham/GitHub/ros2_basics_ws/install/my_robot_interfaces/share/my_robot_interfaces/local_setup.sh
[3.892s] -- Up-to-date symlink: /home/prasham/Prasham/GitHub/ros2_basics_ws/install/my_robot_interfaces/share/my_robot_interfaces/local_setup.zsh
[3.892s] -- Up-to-date symlink: /home/prasham/Prasham/GitHub/ros2_basics_ws/install/my_robot_interfaces/share/my_robot_interfaces/local_setup.dsv
[3.892s] -- Symlinking: /home/prasham/Prasham/GitHub/ros2_basics_ws/install/my_robot_interfaces/share/my_robot_interfaces/package.dsv
[3.903s] -- Up-to-date symlink: /home/prasham/Prasham/GitHub/ros2_basics_ws/install/my_robot_interfaces/share/ament_index/resource_index/packages/my_robot_interfaces
[3.903s] -- Up-to-date symlink: /home/prasham/Prasham/GitHub/ros2_basics_ws/install/my_robot_interfaces/share/my_robot_interfaces/cmake/rosidl_cmake-extras.cmake
[3.903s] -- Up-to-date symlink: /home/prasham/Prasham/GitHub/ros2_basics_ws/install/my_robot_interfaces/share/my_robot_interfaces/cmake/ament_cmake_export_include_directories-extras.cmake
[3.904s] -- Up-to-date symlink: /home/prasham/Prasham/GitHub/ros2_basics_ws/install/my_robot_interfaces/share/my_robot_interfaces/cmake/ament_cmake_export_libraries-extras.cmake
[3.904s] -- Up-to-date symlink: /home/prasham/Prasham/GitHub/ros2_basics_ws/install/my_robot_interfaces/share/my_robot_interfaces/cmake/ament_cmake_export_targets-extras.cmake
[3.904s] -- Up-to-date symlink: /home/prasham/Prasham/GitHub/ros2_basics_ws/install/my_robot_interfaces/share/my_robot_interfaces/cmake/rosidl_cmake_export_typesupport_targets-extras.cmake
[3.904s] -- Up-to-date symlink: /home/prasham/Prasham/GitHub/ros2_basics_ws/install/my_robot_interfaces/share/my_robot_interfaces/cmake/ament_cmake_export_dependencies-extras.cmake
[3.904s] -- Up-to-date symlink: /home/prasham/Prasham/GitHub/ros2_basics_ws/install/my_robot_interfaces/share/my_robot_interfaces/cmake/rosidl_cmake_export_typesupport_libraries-extras.cmake
[3.904s] -- Up-to-date symlink: /home/prasham/Prasham/GitHub/ros2_basics_ws/install/my_robot_interfaces/share/my_robot_interfaces/cmake/my_robot_interfacesConfig.cmake
[3.905s] -- Up-to-date symlink: /home/prasham/Prasham/GitHub/ros2_basics_ws/install/my_robot_interfaces/share/my_robot_interfaces/cmake/my_robot_interfacesConfig-version.cmake
[3.905s] -- Up-to-date symlink: /home/prasham/Prasham/GitHub/ros2_basics_ws/install/my_robot_interfaces/share/my_robot_interfaces/package.xml
[3.905s] -- Installing: /home/prasham/Prasham/GitHub/ros2_basics_ws/install/my_robot_interfaces/lib/libmy_robot_interfaces__rosidl_generator_c.so
[3.906s] -- Set runtime path of "/home/prasham/Prasham/GitHub/ros2_basics_ws/install/my_robot_interfaces/lib/libmy_robot_interfaces__rosidl_generator_c.so" to ""
[3.906s] -- Installing: /home/prasham/Prasham/GitHub/ros2_basics_ws/install/my_robot_interfaces/lib/libmy_robot_interfaces__rosidl_typesupport_fastrtps_c.so
[3.906s] -- Set runtime path of "/home/prasham/Prasham/GitHub/ros2_basics_ws/install/my_robot_interfaces/lib/libmy_robot_interfaces__rosidl_typesupport_fastrtps_c.so" to ""
[3.907s] -- Installing: /home/prasham/Prasham/GitHub/ros2_basics_ws/install/my_robot_interfaces/lib/libmy_robot_interfaces__rosidl_typesupport_introspection_c.so
[3.907s] -- Set runtime path of "/home/prasham/Prasham/GitHub/ros2_basics_ws/install/my_robot_interfaces/lib/libmy_robot_interfaces__rosidl_typesupport_introspection_c.so" to ""
[3.907s] -- Installing: /home/prasham/Prasham/GitHub/ros2_basics_ws/install/my_robot_interfaces/lib/libmy_robot_interfaces__rosidl_typesupport_c.so
[3.908s] -- Set runtime path of "/home/prasham/Prasham/GitHub/ros2_basics_ws/install/my_robot_interfaces/lib/libmy_robot_interfaces__rosidl_typesupport_c.so" to ""
[3.908s] -- Installing: /home/prasham/Prasham/GitHub/ros2_basics_ws/install/my_robot_interfaces/lib/libmy_robot_interfaces__rosidl_typesupport_fastrtps_cpp.so
[3.908s] -- Set runtime path of "/home/prasham/Prasham/GitHub/ros2_basics_ws/install/my_robot_interfaces/lib/libmy_robot_interfaces__rosidl_typesupport_fastrtps_cpp.so" to ""
[3.909s] -- Installing: /home/prasham/Prasham/GitHub/ros2_basics_ws/install/my_robot_interfaces/lib/libmy_robot_interfaces__rosidl_typesupport_introspection_cpp.so
[3.909s] -- Set runtime path of "/home/prasham/Prasham/GitHub/ros2_basics_ws/install/my_robot_interfaces/lib/libmy_robot_interfaces__rosidl_typesupport_introspection_cpp.so" to ""
[3.909s] -- Installing: /home/prasham/Prasham/GitHub/ros2_basics_ws/install/my_robot_interfaces/lib/libmy_robot_interfaces__rosidl_typesupport_cpp.so
[3.910s] -- Set runtime path of "/home/prasham/Prasham/GitHub/ros2_basics_ws/install/my_robot_interfaces/lib/libmy_robot_interfaces__rosidl_typesupport_cpp.so" to ""
[3.951s] Listing '/home/prasham/Prasham/GitHub/ros2_basics_ws/install/my_robot_interfaces/local/lib/python3.10/dist-packages/my_robot_interfaces'...
[3.951s] Compiling '/home/prasham/Prasham/GitHub/ros2_basics_ws/install/my_robot_interfaces/local/lib/python3.10/dist-packages/my_robot_interfaces/__init__.py'...
[3.951s] Listing '/home/prasham/Prasham/GitHub/ros2_basics_ws/install/my_robot_interfaces/local/lib/python3.10/dist-packages/my_robot_interfaces/msg'...
[3.951s] Compiling '/home/prasham/Prasham/GitHub/ros2_basics_ws/install/my_robot_interfaces/local/lib/python3.10/dist-packages/my_robot_interfaces/msg/__init__.py'...
[3.951s] Compiling '/home/prasham/Prasham/GitHub/ros2_basics_ws/install/my_robot_interfaces/local/lib/python3.10/dist-packages/my_robot_interfaces/msg/_alive_turtles_list.py'...
[3.951s] Listing '/home/prasham/Prasham/GitHub/ros2_basics_ws/install/my_robot_interfaces/local/lib/python3.10/dist-packages/my_robot_interfaces/srv'...
[3.951s] Compiling '/home/prasham/Prasham/GitHub/ros2_basics_ws/install/my_robot_interfaces/local/lib/python3.10/dist-packages/my_robot_interfaces/srv/__init__.py'...
[3.951s] Compiling '/home/prasham/Prasham/GitHub/ros2_basics_ws/install/my_robot_interfaces/local/lib/python3.10/dist-packages/my_robot_interfaces/srv/_catch_turtle.py'...
[3.955s] -- Installing: /home/prasham/Prasham/GitHub/ros2_basics_ws/install/my_robot_interfaces/lib/libmy_robot_interfaces__rosidl_generator_py.so
[3.956s] -- Set runtime path of "/home/prasham/Prasham/GitHub/ros2_basics_ws/install/my_robot_interfaces/lib/libmy_robot_interfaces__rosidl_generator_py.so" to ""
[3.956s] -- Up-to-date: /home/prasham/Prasham/GitHub/ros2_basics_ws/install/my_robot_interfaces/share/my_robot_interfaces/cmake/export_my_robot_interfaces__rosidl_generator_cExport.cmake
[3.956s] -- Up-to-date: /home/prasham/Prasham/GitHub/ros2_basics_ws/install/my_robot_interfaces/share/my_robot_interfaces/cmake/export_my_robot_interfaces__rosidl_generator_cExport-noconfig.cmake
[3.956s] -- Up-to-date: /home/prasham/Prasham/GitHub/ros2_basics_ws/install/my_robot_interfaces/share/my_robot_interfaces/cmake/export_my_robot_interfaces__rosidl_typesupport_fastrtps_cExport.cmake
[3.956s] -- Up-to-date: /home/prasham/Prasham/GitHub/ros2_basics_ws/install/my_robot_interfaces/share/my_robot_interfaces/cmake/export_my_robot_interfaces__rosidl_typesupport_fastrtps_cExport-noconfig.cmake
[3.956s] -- Up-to-date: /home/prasham/Prasham/GitHub/ros2_basics_ws/install/my_robot_interfaces/share/my_robot_interfaces/cmake/my_robot_interfaces__rosidl_typesupport_introspection_cExport.cmake
[3.957s] -- Up-to-date: /home/prasham/Prasham/GitHub/ros2_basics_ws/install/my_robot_interfaces/share/my_robot_interfaces/cmake/my_robot_interfaces__rosidl_typesupport_introspection_cExport-noconfig.cmake
[3.957s] -- Up-to-date: /home/prasham/Prasham/GitHub/ros2_basics_ws/install/my_robot_interfaces/share/my_robot_interfaces/cmake/my_robot_interfaces__rosidl_typesupport_cExport.cmake
[3.957s] -- Up-to-date: /home/prasham/Prasham/GitHub/ros2_basics_ws/install/my_robot_interfaces/share/my_robot_interfaces/cmake/my_robot_interfaces__rosidl_typesupport_cExport-noconfig.cmake
[3.957s] -- Up-to-date: /home/prasham/Prasham/GitHub/ros2_basics_ws/install/my_robot_interfaces/share/my_robot_interfaces/cmake/export_my_robot_interfaces__rosidl_generator_cppExport.cmake
[3.957s] -- Up-to-date: /home/prasham/Prasham/GitHub/ros2_basics_ws/install/my_robot_interfaces/share/my_robot_interfaces/cmake/export_my_robot_interfaces__rosidl_typesupport_fastrtps_cppExport.cmake
[3.957s] -- Up-to-date: /home/prasham/Prasham/GitHub/ros2_basics_ws/install/my_robot_interfaces/share/my_robot_interfaces/cmake/export_my_robot_interfaces__rosidl_typesupport_fastrtps_cppExport-noconfig.cmake
[3.957s] -- Up-to-date: /home/prasham/Prasham/GitHub/ros2_basics_ws/install/my_robot_interfaces/share/my_robot_interfaces/cmake/my_robot_interfaces__rosidl_typesupport_introspection_cppExport.cmake
[3.957s] -- Up-to-date: /home/prasham/Prasham/GitHub/ros2_basics_ws/install/my_robot_interfaces/share/my_robot_interfaces/cmake/my_robot_interfaces__rosidl_typesupport_introspection_cppExport-noconfig.cmake
[3.958s] -- Up-to-date: /home/prasham/Prasham/GitHub/ros2_basics_ws/install/my_robot_interfaces/share/my_robot_interfaces/cmake/my_robot_interfaces__rosidl_typesupport_cppExport.cmake
[3.958s] -- Up-to-date: /home/prasham/Prasham/GitHub/ros2_basics_ws/install/my_robot_interfaces/share/my_robot_interfaces/cmake/my_robot_interfaces__rosidl_typesupport_cppExport-noconfig.cmake
[3.958s] -- Up-to-date: /home/prasham/Prasham/GitHub/ros2_basics_ws/install/my_robot_interfaces/share/my_robot_interfaces/cmake/export_my_robot_interfaces__rosidl_generator_pyExport.cmake
[3.958s] -- Up-to-date: /home/prasham/Prasham/GitHub/ros2_basics_ws/install/my_robot_interfaces/share/my_robot_interfaces/cmake/export_my_robot_interfaces__rosidl_generator_pyExport-noconfig.cmake
[3.959s] Invoked command in '/home/prasham/Prasham/GitHub/ros2_basics_ws/build/my_robot_interfaces' returned '0': CMAKE_PREFIX_PATH=${CMAKE_PREFIX_PATH}:/home/prasham/Prasham/GitHub/ros2_basics_ws/install/my_py_pkg:/opt/ros/humble /usr/bin/cmake --install /home/prasham/Prasham/GitHub/ros2_basics_ws/build/my_robot_interfaces
