[0.106s] DEBUG:colcon:Command line arguments: ['/usr/bin/colcon', 'build', '--packages-select', 'my_py_pkg', 'my_robot_interfaces']
[0.106s] DEBUG:colcon:Parsed command line arguments: Namespace(log_base=None, log_level=None, verb_name='build', build_base='build', install_base='install', merge_install=False, symlink_install=False, test_result_base=None, continue_on_error=False, executor='parallel', parallel_workers=8, event_handlers=None, ignore_user_meta=False, metas=['./colcon.meta'], base_paths=['.'], packages_ignore=None, packages_ignore_regex=None, paths=None, packages_up_to=None, packages_up_to_regex=None, packages_above=None, packages_above_and_dependencies=None, packages_above_depth=None, packages_select_by_dep=None, packages_skip_by_dep=None, packages_skip_up_to=None, packages_select_build_failed=False, packages_skip_build_finished=False, packages_select_test_failures=False, packages_skip_test_passed=False, packages_select=['my_py_pkg', 'my_robot_interfaces'], packages_skip=None, packages_select_regex=None, packages_skip_regex=None, packages_start=None, packages_end=None, allow_overriding=[], cmake_args=None, cmake_target=None, cmake_target_skip_unavailable=False, cmake_clean_cache=False, cmake_clean_first=False, cmake_force_configure=False, ament_cmake_args=None, catkin_cmake_args=None, catkin_skip_building_tests=False, mixin_files=None, mixin=None, verb_parser=<colcon_mixin.mixin.mixin_argument.MixinArgumentDecorator object at 0x7daa45e84bb0>, verb_extension=<colcon_core.verb.build.BuildVerb object at 0x7daa45e845b0>, main=<bound method BuildVerb.main of <colcon_core.verb.build.BuildVerb object at 0x7daa45e845b0>>, mixin_verb=('build',))
[0.286s] Level 1:colcon.colcon_core.package_discovery:discover_packages(colcon_meta) check parameters
[0.286s] Level 1:colcon.colcon_core.package_discovery:discover_packages(recursive) check parameters
[0.286s] Level 1:colcon.colcon_core.package_discovery:discover_packages(ignore) check parameters
[0.286s] Level 1:colcon.colcon_core.package_discovery:discover_packages(path) check parameters
[0.286s] Level 1:colcon.colcon_core.package_discovery:discover_packages(colcon_meta) discover
[0.286s] Level 1:colcon.colcon_core.package_discovery:discover_packages(recursive) discover
[0.286s] INFO:colcon.colcon_core.package_discovery:Crawling recursively for packages in '/home/prasham/Prasham/GitHub/ros2_basics_ws'
[0.287s] Level 1:colcon.colcon_core.package_identification:_identify(.) by extensions ['ignore', 'ignore_ament_install']
[0.287s] Level 1:colcon.colcon_core.package_identification:_identify(.) by extension 'ignore'
[0.287s] Level 1:colcon.colcon_core.package_identification:_identify(.) by extension 'ignore_ament_install'
[0.287s] Level 1:colcon.colcon_core.package_identification:_identify(.) by extensions ['colcon_pkg']
[0.287s] Level 1:colcon.colcon_core.package_identification:_identify(.) by extension 'colcon_pkg'
[0.287s] Level 1:colcon.colcon_core.package_identification:_identify(.) by extensions ['colcon_meta']
[0.287s] Level 1:colcon.colcon_core.package_identification:_identify(.) by extension 'colcon_meta'
[0.287s] Level 1:colcon.colcon_core.package_identification:_identify(.) by extensions ['ros']
[0.287s] Level 1:colcon.colcon_core.package_identification:_identify(.) by extension 'ros'
[0.305s] Level 1:colcon.colcon_core.package_identification:_identify(.) by extensions ['cmake', 'python']
[0.305s] Level 1:colcon.colcon_core.package_identification:_identify(.) by extension 'cmake'
[0.305s] Level 1:colcon.colcon_core.package_identification:_identify(.) by extension 'python'
[0.306s] Level 1:colcon.colcon_core.package_identification:_identify(.) by extensions ['python_setup_py']
[0.306s] Level 1:colcon.colcon_core.package_identification:_identify(.) by extension 'python_setup_py'
[0.306s] Level 1:colcon.colcon_core.package_identification:_identify(build) by extensions ['ignore', 'ignore_ament_install']
[0.306s] Level 1:colcon.colcon_core.package_identification:_identify(build) by extension 'ignore'
[0.306s] Level 1:colcon.colcon_core.package_identification:_identify(build) ignored
[0.306s] Level 1:colcon.colcon_core.package_identification:_identify(install) by extensions ['ignore', 'ignore_ament_install']
[0.306s] Level 1:colcon.colcon_core.package_identification:_identify(install) by extension 'ignore'
[0.306s] Level 1:colcon.colcon_core.package_identification:_identify(install) ignored
[0.306s] Level 1:colcon.colcon_core.package_identification:_identify(log) by extensions ['ignore', 'ignore_ament_install']
[0.306s] Level 1:colcon.colcon_core.package_identification:_identify(log) by extension 'ignore'
[0.306s] Level 1:colcon.colcon_core.package_identification:_identify(log) ignored
[0.306s] Level 1:colcon.colcon_core.package_identification:_identify(src) by extensions ['ignore', 'ignore_ament_install']
[0.307s] Level 1:colcon.colcon_core.package_identification:_identify(src) by extension 'ignore'
[0.307s] Level 1:colcon.colcon_core.package_identification:_identify(src) by extension 'ignore_ament_install'
[0.307s] Level 1:colcon.colcon_core.package_identification:_identify(src) by extensions ['colcon_pkg']
[0.307s] Level 1:colcon.colcon_core.package_identification:_identify(src) by extension 'colcon_pkg'
[0.307s] Level 1:colcon.colcon_core.package_identification:_identify(src) by extensions ['colcon_meta']
[0.307s] Level 1:colcon.colcon_core.package_identification:_identify(src) by extension 'colcon_meta'
[0.307s] Level 1:colcon.colcon_core.package_identification:_identify(src) by extensions ['ros']
[0.307s] Level 1:colcon.colcon_core.package_identification:_identify(src) by extension 'ros'
[0.307s] Level 1:colcon.colcon_core.package_identification:_identify(src) by extensions ['cmake', 'python']
[0.307s] Level 1:colcon.colcon_core.package_identification:_identify(src) by extension 'cmake'
[0.307s] Level 1:colcon.colcon_core.package_identification:_identify(src) by extension 'python'
[0.307s] Level 1:colcon.colcon_core.package_identification:_identify(src) by extensions ['python_setup_py']
[0.307s] Level 1:colcon.colcon_core.package_identification:_identify(src) by extension 'python_setup_py'
[0.307s] Level 1:colcon.colcon_core.package_identification:_identify(src/my_py_pkg) by extensions ['ignore', 'ignore_ament_install']
[0.307s] Level 1:colcon.colcon_core.package_identification:_identify(src/my_py_pkg) by extension 'ignore'
[0.307s] Level 1:colcon.colcon_core.package_identification:_identify(src/my_py_pkg) by extension 'ignore_ament_install'
[0.307s] Level 1:colcon.colcon_core.package_identification:_identify(src/my_py_pkg) by extensions ['colcon_pkg']
[0.307s] Level 1:colcon.colcon_core.package_identification:_identify(src/my_py_pkg) by extension 'colcon_pkg'
[0.308s] Level 1:colcon.colcon_core.package_identification:_identify(src/my_py_pkg) by extensions ['colcon_meta']
[0.308s] Level 1:colcon.colcon_core.package_identification:_identify(src/my_py_pkg) by extension 'colcon_meta'
[0.308s] Level 1:colcon.colcon_core.package_identification:_identify(src/my_py_pkg) by extensions ['ros']
[0.308s] Level 1:colcon.colcon_core.package_identification:_identify(src/my_py_pkg) by extension 'ros'
[0.310s] DEBUG:colcon.colcon_core.package_identification:Package 'src/my_py_pkg' with type 'ros.ament_python' and name 'my_py_pkg'
[0.311s] Level 1:colcon.colcon_core.package_identification:_identify(src/my_robot_bringup) by extensions ['ignore', 'ignore_ament_install']
[0.311s] Level 1:colcon.colcon_core.package_identification:_identify(src/my_robot_bringup) by extension 'ignore'
[0.311s] Level 1:colcon.colcon_core.package_identification:_identify(src/my_robot_bringup) by extension 'ignore_ament_install'
[0.311s] Level 1:colcon.colcon_core.package_identification:_identify(src/my_robot_bringup) by extensions ['colcon_pkg']
[0.311s] Level 1:colcon.colcon_core.package_identification:_identify(src/my_robot_bringup) by extension 'colcon_pkg'
[0.311s] Level 1:colcon.colcon_core.package_identification:_identify(src/my_robot_bringup) by extensions ['colcon_meta']
[0.311s] Level 1:colcon.colcon_core.package_identification:_identify(src/my_robot_bringup) by extension 'colcon_meta'
[0.311s] Level 1:colcon.colcon_core.package_identification:_identify(src/my_robot_bringup) by extensions ['ros']
[0.311s] Level 1:colcon.colcon_core.package_identification:_identify(src/my_robot_bringup) by extension 'ros'
[0.311s] DEBUG:colcon.colcon_core.package_identification:Package 'src/my_robot_bringup' with type 'ros.ament_cmake' and name 'my_robot_bringup'
[0.312s] Level 1:colcon.colcon_core.package_identification:_identify(src/my_robot_interfaces) by extensions ['ignore', 'ignore_ament_install']
[0.312s] Level 1:colcon.colcon_core.package_identification:_identify(src/my_robot_interfaces) by extension 'ignore'
[0.312s] Level 1:colcon.colcon_core.package_identification:_identify(src/my_robot_interfaces) by extension 'ignore_ament_install'
[0.312s] Level 1:colcon.colcon_core.package_identification:_identify(src/my_robot_interfaces) by extensions ['colcon_pkg']
[0.312s] Level 1:colcon.colcon_core.package_identification:_identify(src/my_robot_interfaces) by extension 'colcon_pkg'
[0.312s] Level 1:colcon.colcon_core.package_identification:_identify(src/my_robot_interfaces) by extensions ['colcon_meta']
[0.312s] Level 1:colcon.colcon_core.package_identification:_identify(src/my_robot_interfaces) by extension 'colcon_meta'
[0.312s] Level 1:colcon.colcon_core.package_identification:_identify(src/my_robot_interfaces) by extensions ['ros']
[0.312s] Level 1:colcon.colcon_core.package_identification:_identify(src/my_robot_interfaces) by extension 'ros'
[0.313s] DEBUG:colcon.colcon_core.package_identification:Package 'src/my_robot_interfaces' with type 'ros.ament_cmake' and name 'my_robot_interfaces'
[0.313s] Level 1:colcon.colcon_core.package_discovery:discover_packages(recursive) using defaults
[0.313s] Level 1:colcon.colcon_core.package_discovery:discover_packages(ignore) discover
[0.313s] Level 1:colcon.colcon_core.package_discovery:discover_packages(ignore) using defaults
[0.313s] Level 1:colcon.colcon_core.package_discovery:discover_packages(path) discover
[0.313s] Level 1:colcon.colcon_core.package_discovery:discover_packages(path) using defaults
[0.332s] INFO:colcon.colcon_core.package_selection:Skipping not selected package 'my_robot_bringup' in 'src/my_robot_bringup'
[0.332s] Level 1:colcon.colcon_core.package_discovery:discover_packages(prefix_path) check parameters
[0.332s] Level 1:colcon.colcon_core.package_discovery:discover_packages(prefix_path) discover
[0.334s] DEBUG:colcon.colcon_installed_package_information.package_discovery:Found 3 installed packages in /home/prasham/Prasham/GitHub/ros2_basics_ws/install
[0.335s] DEBUG:colcon.colcon_installed_package_information.package_discovery:Found 414 installed packages in /opt/ros/humble
[0.338s] Level 1:colcon.colcon_core.package_discovery:discover_packages(prefix_path) using defaults
[0.385s] Level 5:colcon.colcon_core.verb:set package 'my_robot_interfaces' build argument 'cmake_args' from command line to 'None'
[0.385s] Level 5:colcon.colcon_core.verb:set package 'my_robot_interfaces' build argument 'cmake_target' from command line to 'None'
[0.386s] Level 5:colcon.colcon_core.verb:set package 'my_robot_interfaces' build argument 'cmake_target_skip_unavailable' from command line to 'False'
[0.386s] Level 5:colcon.colcon_core.verb:set package 'my_robot_interfaces' build argument 'cmake_clean_cache' from command line to 'False'
[0.386s] Level 5:colcon.colcon_core.verb:set package 'my_robot_interfaces' build argument 'cmake_clean_first' from command line to 'False'
[0.386s] Level 5:colcon.colcon_core.verb:set package 'my_robot_interfaces' build argument 'cmake_force_configure' from command line to 'False'
[0.386s] Level 5:colcon.colcon_core.verb:set package 'my_robot_interfaces' build argument 'ament_cmake_args' from command line to 'None'
[0.386s] Level 5:colcon.colcon_core.verb:set package 'my_robot_interfaces' build argument 'catkin_cmake_args' from command line to 'None'
[0.386s] Level 5:colcon.colcon_core.verb:set package 'my_robot_interfaces' build argument 'catkin_skip_building_tests' from command line to 'False'
[0.386s] DEBUG:colcon.colcon_core.verb:Building package 'my_robot_interfaces' with the following arguments: {'ament_cmake_args': None, 'build_base': '/home/prasham/Prasham/GitHub/ros2_basics_ws/build/my_robot_interfaces', 'catkin_cmake_args': None, 'catkin_skip_building_tests': False, 'cmake_args': None, 'cmake_clean_cache': False, 'cmake_clean_first': False, 'cmake_force_configure': False, 'cmake_target': None, 'cmake_target_skip_unavailable': False, 'install_base': '/home/prasham/Prasham/GitHub/ros2_basics_ws/install/my_robot_interfaces', 'merge_install': False, 'path': '/home/prasham/Prasham/GitHub/ros2_basics_ws/src/my_robot_interfaces', 'symlink_install': False, 'test_result_base': None}
[0.386s] Level 5:colcon.colcon_core.verb:set package 'my_py_pkg' build argument 'cmake_args' from command line to 'None'
[0.386s] Level 5:colcon.colcon_core.verb:set package 'my_py_pkg' build argument 'cmake_target' from command line to 'None'
[0.386s] Level 5:colcon.colcon_core.verb:set package 'my_py_pkg' build argument 'cmake_target_skip_unavailable' from command line to 'False'
[0.386s] Level 5:colcon.colcon_core.verb:set package 'my_py_pkg' build argument 'cmake_clean_cache' from command line to 'False'
[0.386s] Level 5:colcon.colcon_core.verb:set package 'my_py_pkg' build argument 'cmake_clean_first' from command line to 'False'
[0.386s] Level 5:colcon.colcon_core.verb:set package 'my_py_pkg' build argument 'cmake_force_configure' from command line to 'False'
[0.386s] Level 5:colcon.colcon_core.verb:set package 'my_py_pkg' build argument 'ament_cmake_args' from command line to 'None'
[0.386s] Level 5:colcon.colcon_core.verb:set package 'my_py_pkg' build argument 'catkin_cmake_args' from command line to 'None'
[0.386s] Level 5:colcon.colcon_core.verb:set package 'my_py_pkg' build argument 'catkin_skip_building_tests' from command line to 'False'
[0.386s] DEBUG:colcon.colcon_core.verb:Building package 'my_py_pkg' with the following arguments: {'ament_cmake_args': None, 'build_base': '/home/prasham/Prasham/GitHub/ros2_basics_ws/build/my_py_pkg', 'catkin_cmake_args': None, 'catkin_skip_building_tests': False, 'cmake_args': None, 'cmake_clean_cache': False, 'cmake_clean_first': False, 'cmake_force_configure': False, 'cmake_target': None, 'cmake_target_skip_unavailable': False, 'install_base': '/home/prasham/Prasham/GitHub/ros2_basics_ws/install/my_py_pkg', 'merge_install': False, 'path': '/home/prasham/Prasham/GitHub/ros2_basics_ws/src/my_py_pkg', 'symlink_install': False, 'test_result_base': None}
[0.386s] INFO:colcon.colcon_core.executor:Executing jobs using 'parallel' executor
[0.387s] DEBUG:colcon.colcon_parallel_executor.executor.parallel:run_until_complete
[0.387s] INFO:colcon.colcon_ros.task.ament_cmake.build:Building ROS package in '/home/prasham/Prasham/GitHub/ros2_basics_ws/src/my_robot_interfaces' with build type 'ament_cmake'
[0.387s] INFO:colcon.colcon_cmake.task.cmake.build:Building CMake package in '/home/prasham/Prasham/GitHub/ros2_basics_ws/src/my_robot_interfaces'
[0.389s] INFO:colcon.colcon_core.plugin_system:Skipping extension 'colcon_core.shell.bat': Not used on non-Windows systems
[0.389s] INFO:colcon.colcon_core.shell:Skip shell extension 'powershell' for command environment: Not usable outside of PowerShell
[0.389s] DEBUG:colcon.colcon_core.shell:Skip shell extension 'dsv' for command environment
[0.398s] DEBUG:colcon.colcon_core.event_handler.log_command:Invoking command in '/home/prasham/Prasham/GitHub/ros2_basics_ws/build/my_robot_interfaces': CMAKE_PREFIX_PATH=${CMAKE_PREFIX_PATH}:/home/prasham/Prasham/GitHub/ros2_basics_ws/install/my_py_pkg:/opt/ros/humble /usr/bin/cmake /home/prasham/Prasham/GitHub/ros2_basics_ws/src/my_robot_interfaces -DCMAKE_INSTALL_PREFIX=/home/prasham/Prasham/GitHub/ros2_basics_ws/install/my_robot_interfaces
[1.524s] DEBUG:colcon.colcon_core.event_handler.log_command:Invoked command in '/home/prasham/Prasham/GitHub/ros2_basics_ws/build/my_robot_interfaces' returned '0': CMAKE_PREFIX_PATH=${CMAKE_PREFIX_PATH}:/home/prasham/Prasham/GitHub/ros2_basics_ws/install/my_py_pkg:/opt/ros/humble /usr/bin/cmake /home/prasham/Prasham/GitHub/ros2_basics_ws/src/my_robot_interfaces -DCMAKE_INSTALL_PREFIX=/home/prasham/Prasham/GitHub/ros2_basics_ws/install/my_robot_interfaces
[1.526s] DEBUG:colcon.colcon_core.event_handler.log_command:Invoking command in '/home/prasham/Prasham/GitHub/ros2_basics_ws/build/my_robot_interfaces': CMAKE_PREFIX_PATH=${CMAKE_PREFIX_PATH}:/home/prasham/Prasham/GitHub/ros2_basics_ws/install/my_py_pkg:/opt/ros/humble /usr/bin/cmake --build /home/prasham/Prasham/GitHub/ros2_basics_ws/build/my_robot_interfaces -- -j8 -l8
[3.804s] DEBUG:colcon.colcon_core.event_handler.log_command:Invoked command in '/home/prasham/Prasham/GitHub/ros2_basics_ws/build/my_robot_interfaces' returned '0': CMAKE_PREFIX_PATH=${CMAKE_PREFIX_PATH}:/home/prasham/Prasham/GitHub/ros2_basics_ws/install/my_py_pkg:/opt/ros/humble /usr/bin/cmake --build /home/prasham/Prasham/GitHub/ros2_basics_ws/build/my_robot_interfaces -- -j8 -l8
[3.886s] DEBUG:colcon.colcon_core.event_handler.log_command:Invoking command in '/home/prasham/Prasham/GitHub/ros2_basics_ws/build/my_robot_interfaces': CMAKE_PREFIX_PATH=${CMAKE_PREFIX_PATH}:/home/prasham/Prasham/GitHub/ros2_basics_ws/install/my_py_pkg:/opt/ros/humble /usr/bin/cmake --install /home/prasham/Prasham/GitHub/ros2_basics_ws/build/my_robot_interfaces
[4.592s] Level 1:colcon.colcon_core.environment:create_environment_scripts_only(my_robot_interfaces)
[4.593s] DEBUG:colcon.colcon_core.event_handler.log_command:Invoked command in '/home/prasham/Prasham/GitHub/ros2_basics_ws/build/my_robot_interfaces' returned '0': CMAKE_PREFIX_PATH=${CMAKE_PREFIX_PATH}:/home/prasham/Prasham/GitHub/ros2_basics_ws/install/my_py_pkg:/opt/ros/humble /usr/bin/cmake --install /home/prasham/Prasham/GitHub/ros2_basics_ws/build/my_robot_interfaces
[4.595s] Level 1:colcon.colcon_core.environment:checking '/home/prasham/Prasham/GitHub/ros2_basics_ws/install/my_robot_interfaces' for CMake module files
[4.596s] Level 1:colcon.colcon_core.environment:checking '/home/prasham/Prasham/GitHub/ros2_basics_ws/install/my_robot_interfaces' for CMake config files
[4.596s] Level 1:colcon.colcon_core.shell:create_environment_hook('my_robot_interfaces', 'cmake_prefix_path')
[4.597s] INFO:colcon.colcon_core.shell:Creating environment hook '/home/prasham/Prasham/GitHub/ros2_basics_ws/install/my_robot_interfaces/share/my_robot_interfaces/hook/cmake_prefix_path.ps1'
[4.597s] INFO:colcon.colcon_core.shell:Creating environment descriptor '/home/prasham/Prasham/GitHub/ros2_basics_ws/install/my_robot_interfaces/share/my_robot_interfaces/hook/cmake_prefix_path.dsv'
[4.598s] INFO:colcon.colcon_core.shell:Creating environment hook '/home/prasham/Prasham/GitHub/ros2_basics_ws/install/my_robot_interfaces/share/my_robot_interfaces/hook/cmake_prefix_path.sh'
[4.598s] Level 1:colcon.colcon_core.environment:checking '/home/prasham/Prasham/GitHub/ros2_basics_ws/install/my_robot_interfaces/lib'
[4.599s] Level 1:colcon.colcon_core.shell:create_environment_hook('my_robot_interfaces', 'ld_library_path_lib')
[4.599s] INFO:colcon.colcon_core.shell:Creating environment hook '/home/prasham/Prasham/GitHub/ros2_basics_ws/install/my_robot_interfaces/share/my_robot_interfaces/hook/ld_library_path_lib.ps1'
[4.599s] INFO:colcon.colcon_core.shell:Creating environment descriptor '/home/prasham/Prasham/GitHub/ros2_basics_ws/install/my_robot_interfaces/share/my_robot_interfaces/hook/ld_library_path_lib.dsv'
[4.599s] INFO:colcon.colcon_core.shell:Creating environment hook '/home/prasham/Prasham/GitHub/ros2_basics_ws/install/my_robot_interfaces/share/my_robot_interfaces/hook/ld_library_path_lib.sh'
[4.600s] Level 1:colcon.colcon_core.environment:checking '/home/prasham/Prasham/GitHub/ros2_basics_ws/install/my_robot_interfaces/bin'
[4.600s] Level 1:colcon.colcon_core.environment:checking '/home/prasham/Prasham/GitHub/ros2_basics_ws/install/my_robot_interfaces/lib/pkgconfig/my_robot_interfaces.pc'
[4.600s] Level 1:colcon.colcon_core.environment:checking '/home/prasham/Prasham/GitHub/ros2_basics_ws/install/my_robot_interfaces/lib/python3.10/site-packages'
[4.600s] Level 1:colcon.colcon_core.environment:checking '/home/prasham/Prasham/GitHub/ros2_basics_ws/install/my_robot_interfaces/bin'
[4.601s] INFO:colcon.colcon_core.shell:Creating package script '/home/prasham/Prasham/GitHub/ros2_basics_ws/install/my_robot_interfaces/share/my_robot_interfaces/package.ps1'
[4.601s] INFO:colcon.colcon_core.shell:Creating package descriptor '/home/prasham/Prasham/GitHub/ros2_basics_ws/install/my_robot_interfaces/share/my_robot_interfaces/package.dsv'
[4.602s] INFO:colcon.colcon_core.shell:Creating package script '/home/prasham/Prasham/GitHub/ros2_basics_ws/install/my_robot_interfaces/share/my_robot_interfaces/package.sh'
[4.602s] INFO:colcon.colcon_core.shell:Creating package script '/home/prasham/Prasham/GitHub/ros2_basics_ws/install/my_robot_interfaces/share/my_robot_interfaces/package.bash'
[4.603s] INFO:colcon.colcon_core.shell:Creating package script '/home/prasham/Prasham/GitHub/ros2_basics_ws/install/my_robot_interfaces/share/my_robot_interfaces/package.zsh'
[4.604s] Level 1:colcon.colcon_core.environment:create_file_with_runtime_dependencies(/home/prasham/Prasham/GitHub/ros2_basics_ws/install/my_robot_interfaces/share/colcon-core/packages/my_robot_interfaces)
[4.671s] Level 1:colcon.colcon_core.environment:create_environment_scripts_only(my_robot_interfaces)
[4.671s] Level 1:colcon.colcon_core.environment:checking '/home/prasham/Prasham/GitHub/ros2_basics_ws/install/my_robot_interfaces' for CMake module files
[4.672s] Level 1:colcon.colcon_core.environment:checking '/home/prasham/Prasham/GitHub/ros2_basics_ws/install/my_robot_interfaces' for CMake config files
[4.673s] Level 1:colcon.colcon_core.shell:create_environment_hook('my_robot_interfaces', 'cmake_prefix_path')
[4.673s] INFO:colcon.colcon_core.shell:Creating environment hook '/home/prasham/Prasham/GitHub/ros2_basics_ws/install/my_robot_interfaces/share/my_robot_interfaces/hook/cmake_prefix_path.ps1'
[4.673s] INFO:colcon.colcon_core.shell:Creating environment descriptor '/home/prasham/Prasham/GitHub/ros2_basics_ws/install/my_robot_interfaces/share/my_robot_interfaces/hook/cmake_prefix_path.dsv'
[4.674s] INFO:colcon.colcon_core.shell:Creating environment hook '/home/prasham/Prasham/GitHub/ros2_basics_ws/install/my_robot_interfaces/share/my_robot_interfaces/hook/cmake_prefix_path.sh'
[4.674s] Level 1:colcon.colcon_core.environment:checking '/home/prasham/Prasham/GitHub/ros2_basics_ws/install/my_robot_interfaces/lib'
[4.674s] Level 1:colcon.colcon_core.shell:create_environment_hook('my_robot_interfaces', 'ld_library_path_lib')
[4.674s] INFO:colcon.colcon_core.shell:Creating environment hook '/home/prasham/Prasham/GitHub/ros2_basics_ws/install/my_robot_interfaces/share/my_robot_interfaces/hook/ld_library_path_lib.ps1'
[4.675s] INFO:colcon.colcon_core.shell:Creating environment descriptor '/home/prasham/Prasham/GitHub/ros2_basics_ws/install/my_robot_interfaces/share/my_robot_interfaces/hook/ld_library_path_lib.dsv'
[4.675s] INFO:colcon.colcon_core.shell:Creating environment hook '/home/prasham/Prasham/GitHub/ros2_basics_ws/install/my_robot_interfaces/share/my_robot_interfaces/hook/ld_library_path_lib.sh'
[4.676s] Level 1:colcon.colcon_core.environment:checking '/home/prasham/Prasham/GitHub/ros2_basics_ws/install/my_robot_interfaces/bin'
[4.676s] Level 1:colcon.colcon_core.environment:checking '/home/prasham/Prasham/GitHub/ros2_basics_ws/install/my_robot_interfaces/lib/pkgconfig/my_robot_interfaces.pc'
[4.676s] Level 1:colcon.colcon_core.environment:checking '/home/prasham/Prasham/GitHub/ros2_basics_ws/install/my_robot_interfaces/lib/python3.10/site-packages'
[4.676s] Level 1:colcon.colcon_core.environment:checking '/home/prasham/Prasham/GitHub/ros2_basics_ws/install/my_robot_interfaces/bin'
[4.676s] INFO:colcon.colcon_core.shell:Creating package script '/home/prasham/Prasham/GitHub/ros2_basics_ws/install/my_robot_interfaces/share/my_robot_interfaces/package.ps1'
[4.677s] INFO:colcon.colcon_core.shell:Creating package descriptor '/home/prasham/Prasham/GitHub/ros2_basics_ws/install/my_robot_interfaces/share/my_robot_interfaces/package.dsv'
[4.677s] INFO:colcon.colcon_core.shell:Creating package script '/home/prasham/Prasham/GitHub/ros2_basics_ws/install/my_robot_interfaces/share/my_robot_interfaces/package.sh'
[4.678s] INFO:colcon.colcon_core.shell:Creating package script '/home/prasham/Prasham/GitHub/ros2_basics_ws/install/my_robot_interfaces/share/my_robot_interfaces/package.bash'
[4.678s] INFO:colcon.colcon_core.shell:Creating package script '/home/prasham/Prasham/GitHub/ros2_basics_ws/install/my_robot_interfaces/share/my_robot_interfaces/package.zsh'
[4.679s] Level 1:colcon.colcon_core.environment:create_file_with_runtime_dependencies(/home/prasham/Prasham/GitHub/ros2_basics_ws/install/my_robot_interfaces/share/colcon-core/packages/my_robot_interfaces)
[4.679s] INFO:colcon.colcon_ros.task.ament_python.build:Building ROS package in '/home/prasham/Prasham/GitHub/ros2_basics_ws/src/my_py_pkg' with build type 'ament_python'
[4.679s] Level 1:colcon.colcon_core.shell:create_environment_hook('my_py_pkg', 'ament_prefix_path')
[4.679s] INFO:colcon.colcon_core.shell:Creating environment hook '/home/prasham/Prasham/GitHub/ros2_basics_ws/install/my_py_pkg/share/my_py_pkg/hook/ament_prefix_path.ps1'
[4.680s] INFO:colcon.colcon_core.shell:Creating environment descriptor '/home/prasham/Prasham/GitHub/ros2_basics_ws/install/my_py_pkg/share/my_py_pkg/hook/ament_prefix_path.dsv'
[4.681s] INFO:colcon.colcon_core.shell:Creating environment hook '/home/prasham/Prasham/GitHub/ros2_basics_ws/install/my_py_pkg/share/my_py_pkg/hook/ament_prefix_path.sh'
[4.681s] INFO:colcon.colcon_core.shell:Skip shell extension 'powershell' for command environment: Not usable outside of PowerShell
[4.681s] DEBUG:colcon.colcon_core.shell:Skip shell extension 'dsv' for command environment
[4.968s] INFO:colcon.colcon_core.task.python.build:Building Python package in '/home/prasham/Prasham/GitHub/ros2_basics_ws/src/my_py_pkg'
[4.968s] INFO:colcon.colcon_core.shell:Skip shell extension 'powershell' for command environment: Not usable outside of PowerShell
[4.968s] DEBUG:colcon.colcon_core.shell:Skip shell extension 'dsv' for command environment
[5.343s] DEBUG:colcon.colcon_core.event_handler.log_command:Invoking command in '/home/prasham/Prasham/GitHub/ros2_basics_ws/src/my_py_pkg': AMENT_PREFIX_PATH=/home/prasham/Prasham/GitHub/ros2_basics_ws/install/my_robot_interfaces:${AMENT_PREFIX_PATH} CMAKE_PREFIX_PATH=/home/prasham/Prasham/GitHub/ros2_basics_ws/install/my_robot_interfaces:${CMAKE_PREFIX_PATH} LD_LIBRARY_PATH=/home/prasham/Prasham/GitHub/ros2_basics_ws/install/my_robot_interfaces/lib:/usr/lib/x86_64-linux-gnu/gazebo-11/plugins:/opt/ros/humble/opt/rviz_ogre_vendor/lib:/opt/ros/humble/lib/x86_64-linux-gnu:/opt/ros/humble/lib:/usr/share/gazebo/../../lib/x86_64-linux-gnu/gazebo-11/plugins PYTHONPATH=/home/prasham/Prasham/GitHub/ros2_basics_ws/build/my_py_pkg/prefix_override:/usr/lib/python3/dist-packages/colcon_core/task/python/colcon_distutils_commands:/home/prasham/Prasham/GitHub/ros2_basics_ws/install/my_py_pkg/lib/python3.10/site-packages:/home/prasham/Prasham/GitHub/ros2_basics_ws/install/my_robot_interfaces/local/lib/python3.10/dist-packages:${PYTHONPATH} /usr/bin/python3 -W ignore:setup.py install is deprecated setup.py egg_info --egg-base ../../build/my_py_pkg build --build-base /home/prasham/Prasham/GitHub/ros2_basics_ws/build/my_py_pkg/build install --record /home/prasham/Prasham/GitHub/ros2_basics_ws/build/my_py_pkg/install.log --single-version-externally-managed install_data
[5.653s] Level 1:colcon.colcon_core.environment:checking '/home/prasham/Prasham/GitHub/ros2_basics_ws/install/my_py_pkg' for CMake module files
[5.654s] DEBUG:colcon.colcon_core.event_handler.log_command:Invoked command in '/home/prasham/Prasham/GitHub/ros2_basics_ws/src/my_py_pkg' returned '0': AMENT_PREFIX_PATH=/home/prasham/Prasham/GitHub/ros2_basics_ws/install/my_robot_interfaces:${AMENT_PREFIX_PATH} CMAKE_PREFIX_PATH=/home/prasham/Prasham/GitHub/ros2_basics_ws/install/my_robot_interfaces:${CMAKE_PREFIX_PATH} LD_LIBRARY_PATH=/home/prasham/Prasham/GitHub/ros2_basics_ws/install/my_robot_interfaces/lib:/usr/lib/x86_64-linux-gnu/gazebo-11/plugins:/opt/ros/humble/opt/rviz_ogre_vendor/lib:/opt/ros/humble/lib/x86_64-linux-gnu:/opt/ros/humble/lib:/usr/share/gazebo/../../lib/x86_64-linux-gnu/gazebo-11/plugins PYTHONPATH=/home/prasham/Prasham/GitHub/ros2_basics_ws/build/my_py_pkg/prefix_override:/usr/lib/python3/dist-packages/colcon_core/task/python/colcon_distutils_commands:/home/prasham/Prasham/GitHub/ros2_basics_ws/install/my_py_pkg/lib/python3.10/site-packages:/home/prasham/Prasham/GitHub/ros2_basics_ws/install/my_robot_interfaces/local/lib/python3.10/dist-packages:${PYTHONPATH} /usr/bin/python3 -W ignore:setup.py install is deprecated setup.py egg_info --egg-base ../../build/my_py_pkg build --build-base /home/prasham/Prasham/GitHub/ros2_basics_ws/build/my_py_pkg/build install --record /home/prasham/Prasham/GitHub/ros2_basics_ws/build/my_py_pkg/install.log --single-version-externally-managed install_data
[5.654s] Level 1:colcon.colcon_core.environment:checking '/home/prasham/Prasham/GitHub/ros2_basics_ws/install/my_py_pkg' for CMake config files
[5.655s] Level 1:colcon.colcon_core.environment:checking '/home/prasham/Prasham/GitHub/ros2_basics_ws/install/my_py_pkg/lib'
[5.655s] Level 1:colcon.colcon_core.environment:checking '/home/prasham/Prasham/GitHub/ros2_basics_ws/install/my_py_pkg/bin'
[5.655s] Level 1:colcon.colcon_core.environment:checking '/home/prasham/Prasham/GitHub/ros2_basics_ws/install/my_py_pkg/lib/pkgconfig/my_py_pkg.pc'
[5.656s] Level 1:colcon.colcon_core.environment:checking '/home/prasham/Prasham/GitHub/ros2_basics_ws/install/my_py_pkg/lib/python3.10/site-packages'
[5.656s] Level 1:colcon.colcon_core.shell:create_environment_hook('my_py_pkg', 'pythonpath')
[5.656s] INFO:colcon.colcon_core.shell:Creating environment hook '/home/prasham/Prasham/GitHub/ros2_basics_ws/install/my_py_pkg/share/my_py_pkg/hook/pythonpath.ps1'
[5.657s] INFO:colcon.colcon_core.shell:Creating environment descriptor '/home/prasham/Prasham/GitHub/ros2_basics_ws/install/my_py_pkg/share/my_py_pkg/hook/pythonpath.dsv'
[5.657s] INFO:colcon.colcon_core.shell:Creating environment hook '/home/prasham/Prasham/GitHub/ros2_basics_ws/install/my_py_pkg/share/my_py_pkg/hook/pythonpath.sh'
[5.658s] Level 1:colcon.colcon_core.environment:checking '/home/prasham/Prasham/GitHub/ros2_basics_ws/install/my_py_pkg/bin'
[5.658s] Level 1:colcon.colcon_core.environment:create_environment_scripts_only(my_py_pkg)
[5.659s] INFO:colcon.colcon_core.shell:Creating package script '/home/prasham/Prasham/GitHub/ros2_basics_ws/install/my_py_pkg/share/my_py_pkg/package.ps1'
[5.660s] INFO:colcon.colcon_core.shell:Creating package descriptor '/home/prasham/Prasham/GitHub/ros2_basics_ws/install/my_py_pkg/share/my_py_pkg/package.dsv'
[5.660s] INFO:colcon.colcon_core.shell:Creating package script '/home/prasham/Prasham/GitHub/ros2_basics_ws/install/my_py_pkg/share/my_py_pkg/package.sh'
[5.661s] INFO:colcon.colcon_core.shell:Creating package script '/home/prasham/Prasham/GitHub/ros2_basics_ws/install/my_py_pkg/share/my_py_pkg/package.bash'
[5.661s] INFO:colcon.colcon_core.shell:Creating package script '/home/prasham/Prasham/GitHub/ros2_basics_ws/install/my_py_pkg/share/my_py_pkg/package.zsh'
[5.662s] Level 1:colcon.colcon_core.environment:create_file_with_runtime_dependencies(/home/prasham/Prasham/GitHub/ros2_basics_ws/install/my_py_pkg/share/colcon-core/packages/my_py_pkg)
[5.662s] DEBUG:colcon.colcon_parallel_executor.executor.parallel:closing loop
[5.662s] DEBUG:colcon.colcon_parallel_executor.executor.parallel:loop closed
[5.663s] DEBUG:colcon.colcon_parallel_executor.executor.parallel:run_until_complete finished with '0'
[5.663s] DEBUG:colcon.colcon_core.event_reactor:joining thread
[5.669s] INFO:colcon.colcon_core.plugin_system:Skipping extension 'colcon_notification.desktop_notification.terminal_notifier': Not used on non-Darwin systems
[5.669s] INFO:colcon.colcon_core.plugin_system:Skipping extension 'colcon_notification.desktop_notification.win32': Not used on non-Windows systems
[5.669s] INFO:colcon.colcon_notification.desktop_notification:Sending desktop notification using 'notify2'
[5.681s] DEBUG:colcon.colcon_core.event_reactor:joined thread
[5.682s] INFO:colcon.colcon_core.shell:Creating prefix script '/home/prasham/Prasham/GitHub/ros2_basics_ws/install/local_setup.ps1'
[5.683s] INFO:colcon.colcon_core.shell:Creating prefix util module '/home/prasham/Prasham/GitHub/ros2_basics_ws/install/_local_setup_util_ps1.py'
[5.684s] INFO:colcon.colcon_core.shell:Creating prefix chain script '/home/prasham/Prasham/GitHub/ros2_basics_ws/install/setup.ps1'
[5.686s] INFO:colcon.colcon_core.shell:Creating prefix script '/home/prasham/Prasham/GitHub/ros2_basics_ws/install/local_setup.sh'
[5.686s] INFO:colcon.colcon_core.shell:Creating prefix util module '/home/prasham/Prasham/GitHub/ros2_basics_ws/install/_local_setup_util_sh.py'
[5.687s] INFO:colcon.colcon_core.shell:Creating prefix chain script '/home/prasham/Prasham/GitHub/ros2_basics_ws/install/setup.sh'
[5.688s] INFO:colcon.colcon_core.shell:Creating prefix script '/home/prasham/Prasham/GitHub/ros2_basics_ws/install/local_setup.bash'
[5.689s] INFO:colcon.colcon_core.shell:Creating prefix chain script '/home/prasham/Prasham/GitHub/ros2_basics_ws/install/setup.bash'
[5.690s] INFO:colcon.colcon_core.shell:Creating prefix script '/home/prasham/Prasham/GitHub/ros2_basics_ws/install/local_setup.zsh'
[5.691s] INFO:colcon.colcon_core.shell:Creating prefix chain script '/home/prasham/Prasham/GitHub/ros2_basics_ws/install/setup.zsh'
