[0.010s] Invoking command in '/home/prasham/Prasham/GitHub/ros2_basics_ws/build/my_robot_interfaces': CMAKE_PREFIX_PATH=/opt/ros/humble /usr/bin/cmake --build /home/prasham/Prasham/GitHub/ros2_basics_ws/build/my_robot_interfaces -- -j8 -l8
[0.051s] [35m[1mConsolidate compiler generated dependencies of target my_robot_interfaces__rosidl_generator_c[0m
[0.061s] [  3%] Built target my_robot_interfaces__cpp
[0.062s] [ 12%] Built target my_robot_interfaces__rosidl_generator_c
[0.071s] [ 12%] Built target ament_cmake_python_symlink_my_robot_interfaces
[0.072s] [35m[1mConsolidate compiler generated dependencies of target my_robot_interfaces__rosidl_typesupport_cpp[0m
[0.072s] [35m[1mConsolidate compiler generated dependencies of target my_robot_interfaces__rosidl_typesupport_fastrtps_cpp[0m
[0.072s] [35m[1mConsolidate compiler generated dependencies of target my_robot_interfaces__rosidl_typesupport_introspection_cpp[0m
[0.086s] [35m[1mConsolidate compiler generated dependencies of target my_robot_interfaces__rosidl_typesupport_c[0m
[0.087s] [35m[1mConsolidate compiler generated dependencies of target my_robot_interfaces__rosidl_typesupport_introspection_c[0m
[0.087s] [35m[1mConsolidate compiler generated dependencies of target my_robot_interfaces__rosidl_typesupport_fastrtps_c[0m
[0.088s] [ 22%] Built target my_robot_interfaces__rosidl_typesupport_cpp
[0.090s] [ 32%] Built target my_robot_interfaces__rosidl_typesupport_introspection_cpp
[0.090s] [ 41%] Built target my_robot_interfaces__rosidl_typesupport_fastrtps_cpp
[0.099s] [ 61%] Built target my_robot_interfaces__rosidl_typesupport_c
[0.099s] [ 61%] Built target my_robot_interfaces__rosidl_typesupport_introspection_c
[0.101s] [ 70%] Built target my_robot_interfaces__rosidl_typesupport_fastrtps_c
[0.123s] [ 70%] Built target my_robot_interfaces
[0.147s] [ 74%] Built target my_robot_interfaces__py
[0.159s] [35m[1mConsolidate compiler generated dependencies of target my_robot_interfaces__rosidl_generator_py[0m
[0.173s] [ 80%] Built target my_robot_interfaces__rosidl_generator_py
[0.185s] [35m[1mConsolidate compiler generated dependencies of target my_robot_interfaces__rosidl_typesupport_c__pyext[0m
[0.186s] [35m[1mConsolidate compiler generated dependencies of target my_robot_interfaces__rosidl_typesupport_fastrtps_c__pyext[0m
[0.186s] [35m[1mConsolidate compiler generated dependencies of target my_robot_interfaces__rosidl_typesupport_introspection_c__pyext[0m
[0.199s] [100%] Built target my_robot_interfaces__rosidl_typesupport_introspection_c__pyext
[0.199s] [100%] Built target my_robot_interfaces__rosidl_typesupport_c__pyext
[0.199s] [100%] Built target my_robot_interfaces__rosidl_typesupport_fastrtps_c__pyext
[0.341s] running egg_info
[0.342s] writing my_robot_interfaces.egg-info/PKG-INFO
[0.342s] writing dependency_links to my_robot_interfaces.egg-info/dependency_links.txt
[0.342s] writing top-level names to my_robot_interfaces.egg-info/top_level.txt
[0.345s] reading manifest file 'my_robot_interfaces.egg-info/SOURCES.txt'
[0.345s] writing manifest file 'my_robot_interfaces.egg-info/SOURCES.txt'
[0.371s] [100%] Built target ament_cmake_python_build_my_robot_interfaces_egg
[0.385s] Invoked command in '/home/prasham/Prasham/GitHub/ros2_basics_ws/build/my_robot_interfaces' returned '0': CMAKE_PREFIX_PATH=/opt/ros/humble /usr/bin/cmake --build /home/prasham/Prasham/GitHub/ros2_basics_ws/build/my_robot_interfaces -- -j8 -l8
[0.463s] Invoking command in '/home/prasham/Prasham/GitHub/ros2_basics_ws/build/my_robot_interfaces': CMAKE_PREFIX_PATH=/opt/ros/humble /usr/bin/cmake --install /home/prasham/Prasham/GitHub/ros2_basics_ws/build/my_robot_interfaces
[0.472s] -- Install configuration: ""
[0.472s] -- Execute custom install script
[0.473s] -- Up-to-date symlink: /home/prasham/Prasham/GitHub/ros2_basics_ws/install/my_robot_interfaces/share/ament_index/resource_index/rosidl_interfaces/my_robot_interfaces
[0.473s] -- Up-to-date symlink: /home/prasham/Prasham/GitHub/ros2_basics_ws/install/my_robot_interfaces/include/my_robot_interfaces/my_robot_interfaces/msg/alive_turtles_list.h
[0.473s] -- Up-to-date symlink: /home/prasham/Prasham/GitHub/ros2_basics_ws/install/my_robot_interfaces/include/my_robot_interfaces/my_robot_interfaces/msg/detail/alive_turtles_list__functions.h
[0.474s] -- Up-to-date symlink: /home/prasham/Prasham/GitHub/ros2_basics_ws/install/my_robot_interfaces/include/my_robot_interfaces/my_robot_interfaces/msg/detail/alive_turtles_list__struct.h
[0.474s] -- Up-to-date symlink: /home/prasham/Prasham/GitHub/ros2_basics_ws/install/my_robot_interfaces/include/my_robot_interfaces/my_robot_interfaces/msg/detail/alive_turtles_list__type_support.h
[0.474s] -- Up-to-date symlink: /home/prasham/Prasham/GitHub/ros2_basics_ws/install/my_robot_interfaces/include/my_robot_interfaces/my_robot_interfaces/msg/rosidl_generator_c__visibility_control.h
[0.474s] -- Up-to-date symlink: /home/prasham/Prasham/GitHub/ros2_basics_ws/install/my_robot_interfaces/share/my_robot_interfaces/environment/library_path.sh
[0.474s] -- Up-to-date symlink: /home/prasham/Prasham/GitHub/ros2_basics_ws/install/my_robot_interfaces/share/my_robot_interfaces/environment/library_path.dsv
[0.475s] -- Up-to-date symlink: /home/prasham/Prasham/GitHub/ros2_basics_ws/install/my_robot_interfaces/include/my_robot_interfaces/my_robot_interfaces/msg/detail/alive_turtles_list__rosidl_typesupport_fastrtps_c.h
[0.475s] -- Up-to-date symlink: /home/prasham/Prasham/GitHub/ros2_basics_ws/install/my_robot_interfaces/include/my_robot_interfaces/my_robot_interfaces/msg/rosidl_typesupport_fastrtps_c__visibility_control.h
[0.475s] -- Up-to-date symlink: /home/prasham/Prasham/GitHub/ros2_basics_ws/install/my_robot_interfaces/include/my_robot_interfaces/my_robot_interfaces/msg/detail/alive_turtles_list__rosidl_typesupport_introspection_c.h
[0.475s] -- Up-to-date symlink: /home/prasham/Prasham/GitHub/ros2_basics_ws/install/my_robot_interfaces/include/my_robot_interfaces/my_robot_interfaces/msg/rosidl_typesupport_introspection_c__visibility_control.h
[0.476s] -- Up-to-date symlink: /home/prasham/Prasham/GitHub/ros2_basics_ws/install/my_robot_interfaces/include/my_robot_interfaces/my_robot_interfaces/msg/alive_turtles_list.hpp
[0.476s] -- Up-to-date symlink: /home/prasham/Prasham/GitHub/ros2_basics_ws/install/my_robot_interfaces/include/my_robot_interfaces/my_robot_interfaces/msg/detail/alive_turtles_list__builder.hpp
[0.476s] -- Up-to-date symlink: /home/prasham/Prasham/GitHub/ros2_basics_ws/install/my_robot_interfaces/include/my_robot_interfaces/my_robot_interfaces/msg/detail/alive_turtles_list__struct.hpp
[0.476s] -- Up-to-date symlink: /home/prasham/Prasham/GitHub/ros2_basics_ws/install/my_robot_interfaces/include/my_robot_interfaces/my_robot_interfaces/msg/detail/alive_turtles_list__traits.hpp
[0.476s] -- Up-to-date symlink: /home/prasham/Prasham/GitHub/ros2_basics_ws/install/my_robot_interfaces/include/my_robot_interfaces/my_robot_interfaces/msg/detail/alive_turtles_list__rosidl_typesupport_fastrtps_cpp.hpp
[0.476s] -- Up-to-date symlink: /home/prasham/Prasham/GitHub/ros2_basics_ws/install/my_robot_interfaces/include/my_robot_interfaces/my_robot_interfaces/msg/rosidl_typesupport_fastrtps_cpp__visibility_control.h
[0.477s] -- Up-to-date symlink: /home/prasham/Prasham/GitHub/ros2_basics_ws/install/my_robot_interfaces/include/my_robot_interfaces/my_robot_interfaces/msg/detail/alive_turtles_list__rosidl_typesupport_introspection_cpp.hpp
[0.477s] -- Up-to-date symlink: /home/prasham/Prasham/GitHub/ros2_basics_ws/install/my_robot_interfaces/share/my_robot_interfaces/environment/pythonpath.sh
[0.477s] -- Up-to-date symlink: /home/prasham/Prasham/GitHub/ros2_basics_ws/install/my_robot_interfaces/share/my_robot_interfaces/environment/pythonpath.dsv
[0.477s] -- Up-to-date symlink: /home/prasham/Prasham/GitHub/ros2_basics_ws/install/my_robot_interfaces/local/lib/python3.10/dist-packages/my_robot_interfaces-0.0.0-py3.10.egg-info/PKG-INFO
[0.478s] -- Up-to-date symlink: /home/prasham/Prasham/GitHub/ros2_basics_ws/install/my_robot_interfaces/local/lib/python3.10/dist-packages/my_robot_interfaces-0.0.0-py3.10.egg-info/SOURCES.txt
[0.478s] -- Up-to-date symlink: /home/prasham/Prasham/GitHub/ros2_basics_ws/install/my_robot_interfaces/local/lib/python3.10/dist-packages/my_robot_interfaces-0.0.0-py3.10.egg-info/dependency_links.txt
[0.478s] -- Up-to-date symlink: /home/prasham/Prasham/GitHub/ros2_basics_ws/install/my_robot_interfaces/local/lib/python3.10/dist-packages/my_robot_interfaces-0.0.0-py3.10.egg-info/top_level.txt
[0.478s] -- Up-to-date symlink: /home/prasham/Prasham/GitHub/ros2_basics_ws/install/my_robot_interfaces/local/lib/python3.10/dist-packages/my_robot_interfaces/__init__.py
[0.479s] -- Up-to-date symlink: /home/prasham/Prasham/GitHub/ros2_basics_ws/install/my_robot_interfaces/local/lib/python3.10/dist-packages/my_robot_interfaces/_my_robot_interfaces_s.ep.rosidl_typesupport_c.c
[0.479s] -- Up-to-date symlink: /home/prasham/Prasham/GitHub/ros2_basics_ws/install/my_robot_interfaces/local/lib/python3.10/dist-packages/my_robot_interfaces/_my_robot_interfaces_s.ep.rosidl_typesupport_fastrtps_c.c
[0.479s] -- Up-to-date symlink: /home/prasham/Prasham/GitHub/ros2_basics_ws/install/my_robot_interfaces/local/lib/python3.10/dist-packages/my_robot_interfaces/_my_robot_interfaces_s.ep.rosidl_typesupport_introspection_c.c
[0.479s] -- Up-to-date symlink: /home/prasham/Prasham/GitHub/ros2_basics_ws/install/my_robot_interfaces/local/lib/python3.10/dist-packages/my_robot_interfaces/libmy_robot_interfaces__rosidl_generator_py.so
[0.479s] -- Up-to-date symlink: /home/prasham/Prasham/GitHub/ros2_basics_ws/install/my_robot_interfaces/local/lib/python3.10/dist-packages/my_robot_interfaces/msg/__init__.py
[0.479s] -- Up-to-date symlink: /home/prasham/Prasham/GitHub/ros2_basics_ws/install/my_robot_interfaces/local/lib/python3.10/dist-packages/my_robot_interfaces/msg/_alive_turtles_list.py
[0.479s] -- Up-to-date symlink: /home/prasham/Prasham/GitHub/ros2_basics_ws/install/my_robot_interfaces/local/lib/python3.10/dist-packages/my_robot_interfaces/msg/_alive_turtles_list_s.c
[0.479s] -- Up-to-date symlink: /home/prasham/Prasham/GitHub/ros2_basics_ws/install/my_robot_interfaces/local/lib/python3.10/dist-packages/my_robot_interfaces/my_robot_interfaces_s__rosidl_typesupport_c.cpython-310-x86_64-linux-gnu.so
[0.479s] -- Up-to-date symlink: /home/prasham/Prasham/GitHub/ros2_basics_ws/install/my_robot_interfaces/local/lib/python3.10/dist-packages/my_robot_interfaces/my_robot_interfaces_s__rosidl_typesupport_fastrtps_c.cpython-310-x86_64-linux-gnu.so
[0.480s] -- Up-to-date symlink: /home/prasham/Prasham/GitHub/ros2_basics_ws/install/my_robot_interfaces/local/lib/python3.10/dist-packages/my_robot_interfaces/my_robot_interfaces_s__rosidl_typesupport_introspection_c.cpython-310-x86_64-linux-gnu.so
[0.480s] -- Up-to-date symlink: /home/prasham/Prasham/GitHub/ros2_basics_ws/install/my_robot_interfaces/local/lib/python3.10/dist-packages/my_robot_interfaces/my_robot_interfaces_s__rosidl_typesupport_fastrtps_c.cpython-310-x86_64-linux-gnu.so
[0.480s] -- Up-to-date symlink: /home/prasham/Prasham/GitHub/ros2_basics_ws/install/my_robot_interfaces/local/lib/python3.10/dist-packages/my_robot_interfaces/my_robot_interfaces_s__rosidl_typesupport_introspection_c.cpython-310-x86_64-linux-gnu.so
[0.480s] -- Up-to-date symlink: /home/prasham/Prasham/GitHub/ros2_basics_ws/install/my_robot_interfaces/local/lib/python3.10/dist-packages/my_robot_interfaces/my_robot_interfaces_s__rosidl_typesupport_c.cpython-310-x86_64-linux-gnu.so
[0.481s] -- Up-to-date symlink: /home/prasham/Prasham/GitHub/ros2_basics_ws/install/my_robot_interfaces/share/my_robot_interfaces/msg/AliveTurtlesList.idl
[0.481s] -- Up-to-date symlink: /home/prasham/Prasham/GitHub/ros2_basics_ws/install/my_robot_interfaces/share/my_robot_interfaces/msg/AliveTurtlesList.msg
[0.481s] -- Up-to-date symlink: /home/prasham/Prasham/GitHub/ros2_basics_ws/install/my_robot_interfaces/share/ament_index/resource_index/package_run_dependencies/my_robot_interfaces
[0.481s] -- Up-to-date symlink: /home/prasham/Prasham/GitHub/ros2_basics_ws/install/my_robot_interfaces/share/ament_index/resource_index/parent_prefix_path/my_robot_interfaces
[0.481s] -- Up-to-date symlink: /home/prasham/Prasham/GitHub/ros2_basics_ws/install/my_robot_interfaces/share/my_robot_interfaces/environment/ament_prefix_path.sh
[0.481s] -- Up-to-date symlink: /home/prasham/Prasham/GitHub/ros2_basics_ws/install/my_robot_interfaces/share/my_robot_interfaces/environment/ament_prefix_path.dsv
[0.482s] -- Up-to-date symlink: /home/prasham/Prasham/GitHub/ros2_basics_ws/install/my_robot_interfaces/share/my_robot_interfaces/environment/path.sh
[0.482s] -- Up-to-date symlink: /home/prasham/Prasham/GitHub/ros2_basics_ws/install/my_robot_interfaces/share/my_robot_interfaces/environment/path.dsv
[0.482s] -- Up-to-date symlink: /home/prasham/Prasham/GitHub/ros2_basics_ws/install/my_robot_interfaces/share/my_robot_interfaces/local_setup.bash
[0.482s] -- Up-to-date symlink: /home/prasham/Prasham/GitHub/ros2_basics_ws/install/my_robot_interfaces/share/my_robot_interfaces/local_setup.sh
[0.482s] -- Up-to-date symlink: /home/prasham/Prasham/GitHub/ros2_basics_ws/install/my_robot_interfaces/share/my_robot_interfaces/local_setup.zsh
[0.482s] -- Up-to-date symlink: /home/prasham/Prasham/GitHub/ros2_basics_ws/install/my_robot_interfaces/share/my_robot_interfaces/local_setup.dsv
[0.482s] -- Symlinking: /home/prasham/Prasham/GitHub/ros2_basics_ws/install/my_robot_interfaces/share/my_robot_interfaces/package.dsv
[0.492s] -- Up-to-date symlink: /home/prasham/Prasham/GitHub/ros2_basics_ws/install/my_robot_interfaces/share/ament_index/resource_index/packages/my_robot_interfaces
[0.492s] -- Up-to-date symlink: /home/prasham/Prasham/GitHub/ros2_basics_ws/install/my_robot_interfaces/share/my_robot_interfaces/cmake/rosidl_cmake-extras.cmake
[0.492s] -- Up-to-date symlink: /home/prasham/Prasham/GitHub/ros2_basics_ws/install/my_robot_interfaces/share/my_robot_interfaces/cmake/ament_cmake_export_include_directories-extras.cmake
[0.492s] -- Up-to-date symlink: /home/prasham/Prasham/GitHub/ros2_basics_ws/install/my_robot_interfaces/share/my_robot_interfaces/cmake/ament_cmake_export_libraries-extras.cmake
[0.493s] -- Up-to-date symlink: /home/prasham/Prasham/GitHub/ros2_basics_ws/install/my_robot_interfaces/share/my_robot_interfaces/cmake/ament_cmake_export_targets-extras.cmake
[0.493s] -- Up-to-date symlink: /home/prasham/Prasham/GitHub/ros2_basics_ws/install/my_robot_interfaces/share/my_robot_interfaces/cmake/rosidl_cmake_export_typesupport_targets-extras.cmake
[0.493s] -- Up-to-date symlink: /home/prasham/Prasham/GitHub/ros2_basics_ws/install/my_robot_interfaces/share/my_robot_interfaces/cmake/ament_cmake_export_dependencies-extras.cmake
[0.493s] -- Up-to-date symlink: /home/prasham/Prasham/GitHub/ros2_basics_ws/install/my_robot_interfaces/share/my_robot_interfaces/cmake/rosidl_cmake_export_typesupport_libraries-extras.cmake
[0.493s] -- Up-to-date symlink: /home/prasham/Prasham/GitHub/ros2_basics_ws/install/my_robot_interfaces/share/my_robot_interfaces/cmake/my_robot_interfacesConfig.cmake
[0.493s] -- Up-to-date symlink: /home/prasham/Prasham/GitHub/ros2_basics_ws/install/my_robot_interfaces/share/my_robot_interfaces/cmake/my_robot_interfacesConfig-version.cmake
[0.493s] -- Up-to-date symlink: /home/prasham/Prasham/GitHub/ros2_basics_ws/install/my_robot_interfaces/share/my_robot_interfaces/package.xml
[0.494s] -- Up-to-date: /home/prasham/Prasham/GitHub/ros2_basics_ws/install/my_robot_interfaces/lib/libmy_robot_interfaces__rosidl_generator_c.so
[0.494s] -- Up-to-date: /home/prasham/Prasham/GitHub/ros2_basics_ws/install/my_robot_interfaces/lib/libmy_robot_interfaces__rosidl_typesupport_fastrtps_c.so
[0.494s] -- Up-to-date: /home/prasham/Prasham/GitHub/ros2_basics_ws/install/my_robot_interfaces/lib/libmy_robot_interfaces__rosidl_typesupport_introspection_c.so
[0.495s] -- Up-to-date: /home/prasham/Prasham/GitHub/ros2_basics_ws/install/my_robot_interfaces/lib/libmy_robot_interfaces__rosidl_typesupport_c.so
[0.495s] -- Up-to-date: /home/prasham/Prasham/GitHub/ros2_basics_ws/install/my_robot_interfaces/lib/libmy_robot_interfaces__rosidl_typesupport_fastrtps_cpp.so
[0.495s] -- Up-to-date: /home/prasham/Prasham/GitHub/ros2_basics_ws/install/my_robot_interfaces/lib/libmy_robot_interfaces__rosidl_typesupport_introspection_cpp.so
[0.496s] -- Up-to-date: /home/prasham/Prasham/GitHub/ros2_basics_ws/install/my_robot_interfaces/lib/libmy_robot_interfaces__rosidl_typesupport_cpp.so
[0.525s] Listing '/home/prasham/Prasham/GitHub/ros2_basics_ws/install/my_robot_interfaces/local/lib/python3.10/dist-packages/my_robot_interfaces'...
[0.525s] Listing '/home/prasham/Prasham/GitHub/ros2_basics_ws/install/my_robot_interfaces/local/lib/python3.10/dist-packages/my_robot_interfaces/msg'...
[0.531s] -- Up-to-date: /home/prasham/Prasham/GitHub/ros2_basics_ws/install/my_robot_interfaces/lib/libmy_robot_interfaces__rosidl_generator_py.so
[0.531s] -- Up-to-date: /home/prasham/Prasham/GitHub/ros2_basics_ws/install/my_robot_interfaces/share/my_robot_interfaces/cmake/export_my_robot_interfaces__rosidl_generator_cExport.cmake
[0.531s] -- Up-to-date: /home/prasham/Prasham/GitHub/ros2_basics_ws/install/my_robot_interfaces/share/my_robot_interfaces/cmake/export_my_robot_interfaces__rosidl_generator_cExport-noconfig.cmake
[0.531s] -- Up-to-date: /home/prasham/Prasham/GitHub/ros2_basics_ws/install/my_robot_interfaces/share/my_robot_interfaces/cmake/export_my_robot_interfaces__rosidl_typesupport_fastrtps_cExport.cmake
[0.531s] -- Up-to-date: /home/prasham/Prasham/GitHub/ros2_basics_ws/install/my_robot_interfaces/share/my_robot_interfaces/cmake/export_my_robot_interfaces__rosidl_typesupport_fastrtps_cExport-noconfig.cmake
[0.531s] -- Up-to-date: /home/prasham/Prasham/GitHub/ros2_basics_ws/install/my_robot_interfaces/share/my_robot_interfaces/cmake/my_robot_interfaces__rosidl_typesupport_introspection_cExport.cmake
[0.532s] -- Up-to-date: /home/prasham/Prasham/GitHub/ros2_basics_ws/install/my_robot_interfaces/share/my_robot_interfaces/cmake/my_robot_interfaces__rosidl_typesupport_introspection_cExport-noconfig.cmake
[0.532s] -- Up-to-date: /home/prasham/Prasham/GitHub/ros2_basics_ws/install/my_robot_interfaces/share/my_robot_interfaces/cmake/my_robot_interfaces__rosidl_typesupport_cExport.cmake
[0.532s] -- Up-to-date: /home/prasham/Prasham/GitHub/ros2_basics_ws/install/my_robot_interfaces/share/my_robot_interfaces/cmake/my_robot_interfaces__rosidl_typesupport_cExport-noconfig.cmake
[0.532s] -- Up-to-date: /home/prasham/Prasham/GitHub/ros2_basics_ws/install/my_robot_interfaces/share/my_robot_interfaces/cmake/export_my_robot_interfaces__rosidl_generator_cppExport.cmake
[0.532s] -- Up-to-date: /home/prasham/Prasham/GitHub/ros2_basics_ws/install/my_robot_interfaces/share/my_robot_interfaces/cmake/export_my_robot_interfaces__rosidl_typesupport_fastrtps_cppExport.cmake
[0.532s] -- Up-to-date: /home/prasham/Prasham/GitHub/ros2_basics_ws/install/my_robot_interfaces/share/my_robot_interfaces/cmake/export_my_robot_interfaces__rosidl_typesupport_fastrtps_cppExport-noconfig.cmake
[0.532s] -- Up-to-date: /home/prasham/Prasham/GitHub/ros2_basics_ws/install/my_robot_interfaces/share/my_robot_interfaces/cmake/my_robot_interfaces__rosidl_typesupport_introspection_cppExport.cmake
[0.532s] -- Up-to-date: /home/prasham/Prasham/GitHub/ros2_basics_ws/install/my_robot_interfaces/share/my_robot_interfaces/cmake/my_robot_interfaces__rosidl_typesupport_introspection_cppExport-noconfig.cmake
[0.532s] -- Up-to-date: /home/prasham/Prasham/GitHub/ros2_basics_ws/install/my_robot_interfaces/share/my_robot_interfaces/cmake/my_robot_interfaces__rosidl_typesupport_cppExport.cmake
[0.532s] -- Up-to-date: /home/prasham/Prasham/GitHub/ros2_basics_ws/install/my_robot_interfaces/share/my_robot_interfaces/cmake/my_robot_interfaces__rosidl_typesupport_cppExport-noconfig.cmake
[0.533s] -- Up-to-date: /home/prasham/Prasham/GitHub/ros2_basics_ws/install/my_robot_interfaces/share/my_robot_interfaces/cmake/export_my_robot_interfaces__rosidl_generator_pyExport.cmake
[0.533s] -- Up-to-date: /home/prasham/Prasham/GitHub/ros2_basics_ws/install/my_robot_interfaces/share/my_robot_interfaces/cmake/export_my_robot_interfaces__rosidl_generator_pyExport-noconfig.cmake
[0.534s] Invoked command in '/home/prasham/Prasham/GitHub/ros2_basics_ws/build/my_robot_interfaces' returned '0': CMAKE_PREFIX_PATH=/opt/ros/humble /usr/bin/cmake --install /home/prasham/Prasham/GitHub/ros2_basics_ws/build/my_robot_interfaces
