[0.665s] Invoking command in '/home/prasham/Prasham/GitHub/ros2_basics_ws/src/my_py_pkg': LD_LIBRARY_PATH=/home/prasham/Prasham/GitHub/ros2_basics_ws/install/my_robot_interfaces/lib:/usr/lib/x86_64-linux-gnu/gazebo-11/plugins:/opt/ros/humble/opt/rviz_ogre_vendor/lib:/opt/ros/humble/lib/x86_64-linux-gnu:/opt/ros/humble/lib:/usr/share/gazebo/../../lib/x86_64-linux-gnu/gazebo-11/plugins PYTHONPATH=/home/prasham/Prasham/GitHub/ros2_basics_ws/build/my_py_pkg/prefix_override:/usr/lib/python3/dist-packages/colcon_core/task/python/colcon_distutils_commands:/home/prasham/Prasham/GitHub/ros2_basics_ws/install/my_py_pkg/lib/python3.10/site-packages:${PYTHONPATH} /usr/bin/python3 -W ignore:setup.py install is deprecated setup.py egg_info --egg-base ../../build/my_py_pkg build --build-base /home/prasham/Prasham/GitHub/ros2_basics_ws/build/my_py_pkg/build install --record /home/prasham/Prasham/GitHub/ros2_basics_ws/build/my_py_pkg/install.log --single-version-externally-managed install_data
[0.921s] running egg_info
[0.922s] writing ../../build/my_py_pkg/my_py_pkg.egg-info/PKG-INFO
[0.922s] writing dependency_links to ../../build/my_py_pkg/my_py_pkg.egg-info/dependency_links.txt
[0.922s] writing entry points to ../../build/my_py_pkg/my_py_pkg.egg-info/entry_points.txt
[0.922s] writing requirements to ../../build/my_py_pkg/my_py_pkg.egg-info/requires.txt
[0.922s] writing top-level names to ../../build/my_py_pkg/my_py_pkg.egg-info/top_level.txt
[0.924s] reading manifest file '../../build/my_py_pkg/my_py_pkg.egg-info/SOURCES.txt'
[0.924s] adding license file 'LICENSE'
[0.925s] writing manifest file '../../build/my_py_pkg/my_py_pkg.egg-info/SOURCES.txt'
[0.925s] running build
[0.925s] running build_py
[0.925s] copying my_py_pkg/turtle_controller.py -> /home/prasham/Prasham/GitHub/ros2_basics_ws/build/my_py_pkg/build/lib/my_py_pkg
[0.926s] running install
[0.926s] running install_lib
[0.927s] copying /home/prasham/Prasham/GitHub/ros2_basics_ws/build/my_py_pkg/build/lib/my_py_pkg/turtle_controller.py -> /home/prasham/Prasham/GitHub/ros2_basics_ws/install/my_py_pkg/lib/python3.10/site-packages/my_py_pkg
[0.927s] byte-compiling /home/prasham/Prasham/GitHub/ros2_basics_ws/install/my_py_pkg/lib/python3.10/site-packages/my_py_pkg/turtle_controller.py to turtle_controller.cpython-310.pyc
[0.928s] running install_data
[0.928s] running install_egg_info
[0.930s] removing '/home/prasham/Prasham/GitHub/ros2_basics_ws/install/my_py_pkg/lib/python3.10/site-packages/my_py_pkg-0.0.0-py3.10.egg-info' (and everything under it)
[0.930s] Copying ../../build/my_py_pkg/my_py_pkg.egg-info to /home/prasham/Prasham/GitHub/ros2_basics_ws/install/my_py_pkg/lib/python3.10/site-packages/my_py_pkg-0.0.0-py3.10.egg-info
[0.931s] running install_scripts
[0.950s] Installing turtle_controller script to /home/prasham/Prasham/GitHub/ros2_basics_ws/install/my_py_pkg/lib/my_py_pkg
[0.950s] Installing turtle_spawner script to /home/prasham/Prasham/GitHub/ros2_basics_ws/install/my_py_pkg/lib/my_py_pkg
[0.950s] writing list of installed files to '/home/prasham/Prasham/GitHub/ros2_basics_ws/build/my_py_pkg/install.log'
[0.972s] Invoked command in '/home/prasham/Prasham/GitHub/ros2_basics_ws/src/my_py_pkg' returned '0': LD_LIBRARY_PATH=/home/prasham/Prasham/GitHub/ros2_basics_ws/install/my_robot_interfaces/lib:/usr/lib/x86_64-linux-gnu/gazebo-11/plugins:/opt/ros/humble/opt/rviz_ogre_vendor/lib:/opt/ros/humble/lib/x86_64-linux-gnu:/opt/ros/humble/lib:/usr/share/gazebo/../../lib/x86_64-linux-gnu/gazebo-11/plugins PYTHONPATH=/home/prasham/Prasham/GitHub/ros2_basics_ws/build/my_py_pkg/prefix_override:/usr/lib/python3/dist-packages/colcon_core/task/python/colcon_distutils_commands:/home/prasham/Prasham/GitHub/ros2_basics_ws/install/my_py_pkg/lib/python3.10/site-packages:${PYTHONPATH} /usr/bin/python3 -W ignore:setup.py install is deprecated setup.py egg_info --egg-base ../../build/my_py_pkg build --build-base /home/prasham/Prasham/GitHub/ros2_basics_ws/build/my_py_pkg/build install --record /home/prasham/Prasham/GitHub/ros2_basics_ws/build/my_py_pkg/install.log --single-version-externally-managed install_data
