[0.010s] Invoking command in '/home/prasham/Prasham/GitHub/ros2_basics_ws/build/my_robot_interfaces': CMAKE_PREFIX_PATH=${CMAKE_PREFIX_PATH}:/home/prasham/Prasham/GitHub/ros2_basics_ws/install/my_py_pkg:/opt/ros/humble /usr/bin/cmake /home/prasham/Prasham/GitHub/ros2_basics_ws/src/my_robot_interfaces -DCMAKE_INSTALL_PREFIX=/home/prasham/Prasham/GitHub/ros2_basics_ws/install/my_robot_interfaces
[0.022s] -- Found ament_cmake: 1.3.10 (/opt/ros/humble/share/ament_cmake/cmake)
[0.138s] -- Override CMake install command with custom implementation using symlinks instead of copying resources
[0.148s] -- Found rosidl_default_generators: 1.2.0 (/opt/ros/humble/share/rosidl_default_generators/cmake)
[0.156s] -- Using all available rosidl_typesupport_c: rosidl_typesupport_fastrtps_c;rosidl_typesupport_introspection_c
[0.171s] -- Found rosidl_adapter: 3.1.5 (/opt/ros/humble/share/rosidl_adapter/cmake)
[0.247s] -- Using all available rosidl_typesupport_cpp: rosidl_typesupport_fastrtps_cpp;rosidl_typesupport_introspection_cpp
[0.550s] -- Found ament_cmake_ros: 0.10.0 (/opt/ros/humble/share/ament_cmake_ros/cmake)
[0.733s] -- Using all available rosidl_typesupport_c: rosidl_typesupport_fastrtps_c;rosidl_typesupport_introspection_c
[0.954s] -- Using all available rosidl_typesupport_cpp: rosidl_typesupport_fastrtps_cpp;rosidl_typesupport_introspection_cpp
[0.976s] -- Found PythonInterp: /usr/bin/python3 (found suitable version "3.10.12", minimum required is "3.6") 
[0.979s] -- Found python_cmake_module: 0.10.0 (/opt/ros/humble/share/python_cmake_module/cmake)
[1.006s] -- Found PythonLibs: /usr/lib/x86_64-linux-gnu/libpython3.10.so (found suitable version "3.10.12", minimum required is "3.5") 
[1.006s] -- Using PYTHON_EXECUTABLE: /usr/bin/python3
[1.006s] -- Using PYTHON_INCLUDE_DIRS: /usr/include/python3.10
[1.006s] -- Using PYTHON_LIBRARIES: /usr/lib/x86_64-linux-gnu/libpython3.10.so
[1.026s] -- Found PythonExtra: .so  
[1.077s] -- Configuring done
[1.128s] -- Generating done
[1.131s] -- Build files have been written to: /home/prasham/Prasham/GitHub/ros2_basics_ws/build/my_robot_interfaces
[1.136s] Invoked command in '/home/prasham/Prasham/GitHub/ros2_basics_ws/build/my_robot_interfaces' returned '0': CMAKE_PREFIX_PATH=${CMAKE_PREFIX_PATH}:/home/prasham/Prasham/GitHub/ros2_basics_ws/install/my_py_pkg:/opt/ros/humble /usr/bin/cmake /home/prasham/Prasham/GitHub/ros2_basics_ws/src/my_robot_interfaces -DCMAKE_INSTALL_PREFIX=/home/prasham/Prasham/GitHub/ros2_basics_ws/install/my_robot_interfaces
[1.138s] Invoking command in '/home/prasham/Prasham/GitHub/ros2_basics_ws/build/my_robot_interfaces': CMAKE_PREFIX_PATH=${CMAKE_PREFIX_PATH}:/home/prasham/Prasham/GitHub/ros2_basics_ws/install/my_py_pkg:/opt/ros/humble /usr/bin/cmake --build /home/prasham/Prasham/GitHub/ros2_basics_ws/build/my_robot_interfaces -- -j8 -l8
[1.181s] [  3%] [34m[1mGenerating C code for ROS interfaces[0m
[1.193s] [  6%] [34m[1mGenerating C++ code for ROS interfaces[0m
[1.203s] [  6%] Built target ament_cmake_python_symlink_my_robot_interfaces
[1.426s] [  6%] Built target my_robot_interfaces__cpp
[1.437s] [  9%] [32mBuilding C object CMakeFiles/my_robot_interfaces__rosidl_generator_c.dir/rosidl_generator_c/my_robot_interfaces/msg/detail/alive_turtles_list__functions.c.o[0m
[1.439s] [ 12%] [34m[1mGenerating C++ type support dispatch for ROS interfaces[0m
[1.442s] [ 16%] [34m[1mGenerating C++ type support for eProsima Fast-RTPS[0m
[1.442s] [ 19%] [34m[1mGenerating C++ introspection for ROS interfaces[0m
[1.513s] running egg_info
[1.514s] creating my_robot_interfaces.egg-info
[1.514s] writing my_robot_interfaces.egg-info/PKG-INFO
[1.514s] writing dependency_links to my_robot_interfaces.egg-info/dependency_links.txt
[1.514s] writing top-level names to my_robot_interfaces.egg-info/top_level.txt
[1.515s] writing manifest file 'my_robot_interfaces.egg-info/SOURCES.txt'
[1.517s] reading manifest file 'my_robot_interfaces.egg-info/SOURCES.txt'
[1.517s] writing manifest file 'my_robot_interfaces.egg-info/SOURCES.txt'
[1.551s] [ 19%] Built target ament_cmake_python_build_my_robot_interfaces_egg
[1.620s] [ 22%] [32m[1mLinking C shared library libmy_robot_interfaces__rosidl_generator_c.so[0m
[1.685s] [ 25%] [32mBuilding CXX object CMakeFiles/my_robot_interfaces__rosidl_typesupport_cpp.dir/rosidl_typesupport_cpp/my_robot_interfaces/msg/alive_turtles_list__type_support.cpp.o[0m
[1.687s] [ 25%] Built target my_robot_interfaces__rosidl_generator_c
[1.689s] [ 29%] [32mBuilding CXX object CMakeFiles/my_robot_interfaces__rosidl_typesupport_introspection_cpp.dir/rosidl_typesupport_introspection_cpp/my_robot_interfaces/msg/detail/alive_turtles_list__type_support.cpp.o[0m
[1.699s] [ 35%] [34m[1mGenerating C type support dispatch for ROS interfaces[0m
[1.699s] [ 35%] [32mBuilding CXX object CMakeFiles/my_robot_interfaces__rosidl_typesupport_fastrtps_cpp.dir/rosidl_typesupport_fastrtps_cpp/my_robot_interfaces/msg/detail/dds_fastrtps/alive_turtles_list__type_support.cpp.o[0m
[1.700s] [ 38%] [34m[1mGenerating C type support for eProsima Fast-RTPS[0m
[1.700s] [ 41%] [34m[1mGenerating C introspection for ROS interfaces[0m
[1.943s] [ 45%] [32mBuilding C object CMakeFiles/my_robot_interfaces__rosidl_typesupport_introspection_c.dir/rosidl_typesupport_introspection_c/my_robot_interfaces/msg/detail/alive_turtles_list__type_support.c.o[0m
[1.989s] [ 48%] [32mBuilding CXX object CMakeFiles/my_robot_interfaces__rosidl_typesupport_c.dir/rosidl_typesupport_c/my_robot_interfaces/msg/alive_turtles_list__type_support.cpp.o[0m
[2.013s] [ 51%] [32m[1mLinking C shared library libmy_robot_interfaces__rosidl_typesupport_introspection_c.so[0m
[2.049s] [ 54%] [32mBuilding CXX object CMakeFiles/my_robot_interfaces__rosidl_typesupport_fastrtps_c.dir/rosidl_typesupport_fastrtps_c/my_robot_interfaces/msg/detail/alive_turtles_list__type_support_c.cpp.o[0m
[2.058s] [ 58%] [32m[1mLinking CXX shared library libmy_robot_interfaces__rosidl_typesupport_c.so[0m
[2.065s] [ 58%] Built target my_robot_interfaces__rosidl_typesupport_introspection_c
[2.109s] [ 58%] Built target my_robot_interfaces__rosidl_typesupport_c
[2.194s] [ 61%] [32m[1mLinking CXX shared library libmy_robot_interfaces__rosidl_typesupport_cpp.so[0m
[2.274s] [ 61%] Built target my_robot_interfaces__rosidl_typesupport_cpp
[2.459s] [ 64%] [32m[1mLinking CXX shared library libmy_robot_interfaces__rosidl_typesupport_introspection_cpp.so[0m
[2.482s] [ 67%] [32m[1mLinking CXX shared library libmy_robot_interfaces__rosidl_typesupport_fastrtps_cpp.so[0m
[2.487s] [ 70%] [32m[1mLinking CXX shared library libmy_robot_interfaces__rosidl_typesupport_fastrtps_c.so[0m
[2.575s] [ 70%] Built target my_robot_interfaces__rosidl_typesupport_introspection_cpp
[2.613s] [ 70%] Built target my_robot_interfaces__rosidl_typesupport_fastrtps_cpp
[2.615s] [ 70%] Built target my_robot_interfaces__rosidl_typesupport_fastrtps_c
[2.642s] [ 70%] Built target my_robot_interfaces
[2.668s] [ 74%] [34m[1mGenerating Python code for ROS interfaces[0m
[2.949s] [ 74%] Built target my_robot_interfaces__py
[2.972s] [ 77%] [32mBuilding C object CMakeFiles/my_robot_interfaces__rosidl_generator_py.dir/rosidl_generator_py/my_robot_interfaces/msg/_alive_turtles_list_s.c.o[0m
[3.196s] [ 80%] [32m[1mLinking C shared library rosidl_generator_py/my_robot_interfaces/libmy_robot_interfaces__rosidl_generator_py.so[0m
[3.241s] [ 80%] Built target my_robot_interfaces__rosidl_generator_py
[3.264s] [ 90%] [32mBuilding C object CMakeFiles/my_robot_interfaces__rosidl_typesupport_introspection_c__pyext.dir/rosidl_generator_py/my_robot_interfaces/_my_robot_interfaces_s.ep.rosidl_typesupport_introspection_c.c.o[0m
[3.265s] [ 90%] [32mBuilding C object CMakeFiles/my_robot_interfaces__rosidl_typesupport_c__pyext.dir/rosidl_generator_py/my_robot_interfaces/_my_robot_interfaces_s.ep.rosidl_typesupport_c.c.o[0m
[3.265s] [ 90%] [32mBuilding C object CMakeFiles/my_robot_interfaces__rosidl_typesupport_fastrtps_c__pyext.dir/rosidl_generator_py/my_robot_interfaces/_my_robot_interfaces_s.ep.rosidl_typesupport_fastrtps_c.c.o[0m
[3.360s] [ 96%] [32m[1mLinking C shared library rosidl_generator_py/my_robot_interfaces/my_robot_interfaces_s__rosidl_typesupport_c.cpython-310-x86_64-linux-gnu.so[0m
[3.360s] [ 96%] [32m[1mLinking C shared library rosidl_generator_py/my_robot_interfaces/my_robot_interfaces_s__rosidl_typesupport_introspection_c.cpython-310-x86_64-linux-gnu.so[0m
[3.365s] [100%] [32m[1mLinking C shared library rosidl_generator_py/my_robot_interfaces/my_robot_interfaces_s__rosidl_typesupport_fastrtps_c.cpython-310-x86_64-linux-gnu.so[0m
[3.397s] [100%] Built target my_robot_interfaces__rosidl_typesupport_c__pyext
[3.397s] [100%] Built target my_robot_interfaces__rosidl_typesupport_introspection_c__pyext
[3.403s] [100%] Built target my_robot_interfaces__rosidl_typesupport_fastrtps_c__pyext
[3.416s] Invoked command in '/home/prasham/Prasham/GitHub/ros2_basics_ws/build/my_robot_interfaces' returned '0': CMAKE_PREFIX_PATH=${CMAKE_PREFIX_PATH}:/home/prasham/Prasham/GitHub/ros2_basics_ws/install/my_py_pkg:/opt/ros/humble /usr/bin/cmake --build /home/prasham/Prasham/GitHub/ros2_basics_ws/build/my_robot_interfaces -- -j8 -l8
[3.498s] Invoking command in '/home/prasham/Prasham/GitHub/ros2_basics_ws/build/my_robot_interfaces': CMAKE_PREFIX_PATH=${CMAKE_PREFIX_PATH}:/home/prasham/Prasham/GitHub/ros2_basics_ws/install/my_py_pkg:/opt/ros/humble /usr/bin/cmake --install /home/prasham/Prasham/GitHub/ros2_basics_ws/build/my_robot_interfaces
[3.506s] -- Install configuration: ""
[3.507s] -- Execute custom install script
[3.507s] -- Symlinking: /home/prasham/Prasham/GitHub/ros2_basics_ws/install/my_robot_interfaces/share/ament_index/resource_index/rosidl_interfaces/my_robot_interfaces
[3.518s] -- Symlinking: /home/prasham/Prasham/GitHub/ros2_basics_ws/install/my_robot_interfaces/include/my_robot_interfaces/my_robot_interfaces/msg/alive_turtles_list.h
[3.528s] -- Symlinking: /home/prasham/Prasham/GitHub/ros2_basics_ws/install/my_robot_interfaces/include/my_robot_interfaces/my_robot_interfaces/msg/detail/alive_turtles_list__functions.h
[3.539s] -- Symlinking: /home/prasham/Prasham/GitHub/ros2_basics_ws/install/my_robot_interfaces/include/my_robot_interfaces/my_robot_interfaces/msg/detail/alive_turtles_list__struct.h
[3.549s] -- Symlinking: /home/prasham/Prasham/GitHub/ros2_basics_ws/install/my_robot_interfaces/include/my_robot_interfaces/my_robot_interfaces/msg/detail/alive_turtles_list__type_support.h
[3.560s] -- Symlinking: /home/prasham/Prasham/GitHub/ros2_basics_ws/install/my_robot_interfaces/include/my_robot_interfaces/my_robot_interfaces/msg/rosidl_generator_c__visibility_control.h
[3.570s] -- Symlinking: /home/prasham/Prasham/GitHub/ros2_basics_ws/install/my_robot_interfaces/share/my_robot_interfaces/environment/library_path.sh
[3.580s] -- Symlinking: /home/prasham/Prasham/GitHub/ros2_basics_ws/install/my_robot_interfaces/share/my_robot_interfaces/environment/library_path.dsv
[3.591s] -- Symlinking: /home/prasham/Prasham/GitHub/ros2_basics_ws/install/my_robot_interfaces/include/my_robot_interfaces/my_robot_interfaces/msg/detail/alive_turtles_list__rosidl_typesupport_fastrtps_c.h
[3.601s] -- Symlinking: /home/prasham/Prasham/GitHub/ros2_basics_ws/install/my_robot_interfaces/include/my_robot_interfaces/my_robot_interfaces/msg/rosidl_typesupport_fastrtps_c__visibility_control.h
[3.612s] -- Symlinking: /home/prasham/Prasham/GitHub/ros2_basics_ws/install/my_robot_interfaces/include/my_robot_interfaces/my_robot_interfaces/msg/detail/alive_turtles_list__rosidl_typesupport_introspection_c.h
[3.622s] -- Symlinking: /home/prasham/Prasham/GitHub/ros2_basics_ws/install/my_robot_interfaces/include/my_robot_interfaces/my_robot_interfaces/msg/rosidl_typesupport_introspection_c__visibility_control.h
[3.633s] -- Symlinking: /home/prasham/Prasham/GitHub/ros2_basics_ws/install/my_robot_interfaces/include/my_robot_interfaces/my_robot_interfaces/msg/alive_turtles_list.hpp
[3.644s] -- Symlinking: /home/prasham/Prasham/GitHub/ros2_basics_ws/install/my_robot_interfaces/include/my_robot_interfaces/my_robot_interfaces/msg/detail/alive_turtles_list__builder.hpp
[3.654s] -- Symlinking: /home/prasham/Prasham/GitHub/ros2_basics_ws/install/my_robot_interfaces/include/my_robot_interfaces/my_robot_interfaces/msg/detail/alive_turtles_list__struct.hpp
[3.665s] -- Symlinking: /home/prasham/Prasham/GitHub/ros2_basics_ws/install/my_robot_interfaces/include/my_robot_interfaces/my_robot_interfaces/msg/detail/alive_turtles_list__traits.hpp
[3.675s] -- Symlinking: /home/prasham/Prasham/GitHub/ros2_basics_ws/install/my_robot_interfaces/include/my_robot_interfaces/my_robot_interfaces/msg/detail/alive_turtles_list__rosidl_typesupport_fastrtps_cpp.hpp
[3.686s] -- Symlinking: /home/prasham/Prasham/GitHub/ros2_basics_ws/install/my_robot_interfaces/include/my_robot_interfaces/my_robot_interfaces/msg/rosidl_typesupport_fastrtps_cpp__visibility_control.h
[3.696s] -- Symlinking: /home/prasham/Prasham/GitHub/ros2_basics_ws/install/my_robot_interfaces/include/my_robot_interfaces/my_robot_interfaces/msg/detail/alive_turtles_list__rosidl_typesupport_introspection_cpp.hpp
[3.707s] -- Symlinking: /home/prasham/Prasham/GitHub/ros2_basics_ws/install/my_robot_interfaces/share/my_robot_interfaces/environment/pythonpath.sh
[3.717s] -- Symlinking: /home/prasham/Prasham/GitHub/ros2_basics_ws/install/my_robot_interfaces/share/my_robot_interfaces/environment/pythonpath.dsv
[3.728s] -- Symlinking: /home/prasham/Prasham/GitHub/ros2_basics_ws/install/my_robot_interfaces/local/lib/python3.10/dist-packages/my_robot_interfaces-0.0.0-py3.10.egg-info/PKG-INFO
[3.740s] -- Symlinking: /home/prasham/Prasham/GitHub/ros2_basics_ws/install/my_robot_interfaces/local/lib/python3.10/dist-packages/my_robot_interfaces-0.0.0-py3.10.egg-info/SOURCES.txt
[3.750s] -- Symlinking: /home/prasham/Prasham/GitHub/ros2_basics_ws/install/my_robot_interfaces/local/lib/python3.10/dist-packages/my_robot_interfaces-0.0.0-py3.10.egg-info/dependency_links.txt
[3.760s] -- Symlinking: /home/prasham/Prasham/GitHub/ros2_basics_ws/install/my_robot_interfaces/local/lib/python3.10/dist-packages/my_robot_interfaces-0.0.0-py3.10.egg-info/top_level.txt
[3.772s] -- Symlinking: /home/prasham/Prasham/GitHub/ros2_basics_ws/install/my_robot_interfaces/local/lib/python3.10/dist-packages/my_robot_interfaces/__init__.py
[3.783s] -- Symlinking: /home/prasham/Prasham/GitHub/ros2_basics_ws/install/my_robot_interfaces/local/lib/python3.10/dist-packages/my_robot_interfaces/_my_robot_interfaces_s.ep.rosidl_typesupport_c.c
[3.793s] -- Symlinking: /home/prasham/Prasham/GitHub/ros2_basics_ws/install/my_robot_interfaces/local/lib/python3.10/dist-packages/my_robot_interfaces/_my_robot_interfaces_s.ep.rosidl_typesupport_fastrtps_c.c
[3.804s] -- Symlinking: /home/prasham/Prasham/GitHub/ros2_basics_ws/install/my_robot_interfaces/local/lib/python3.10/dist-packages/my_robot_interfaces/_my_robot_interfaces_s.ep.rosidl_typesupport_introspection_c.c
[3.814s] -- Symlinking: /home/prasham/Prasham/GitHub/ros2_basics_ws/install/my_robot_interfaces/local/lib/python3.10/dist-packages/my_robot_interfaces/libmy_robot_interfaces__rosidl_generator_py.so
[3.824s] -- Symlinking: /home/prasham/Prasham/GitHub/ros2_basics_ws/install/my_robot_interfaces/local/lib/python3.10/dist-packages/my_robot_interfaces/msg/__init__.py
[3.835s] -- Symlinking: /home/prasham/Prasham/GitHub/ros2_basics_ws/install/my_robot_interfaces/local/lib/python3.10/dist-packages/my_robot_interfaces/msg/_alive_turtles_list.py
[3.846s] -- Symlinking: /home/prasham/Prasham/GitHub/ros2_basics_ws/install/my_robot_interfaces/local/lib/python3.10/dist-packages/my_robot_interfaces/msg/_alive_turtles_list_s.c
[3.856s] -- Symlinking: /home/prasham/Prasham/GitHub/ros2_basics_ws/install/my_robot_interfaces/local/lib/python3.10/dist-packages/my_robot_interfaces/my_robot_interfaces_s__rosidl_typesupport_c.cpython-310-x86_64-linux-gnu.so
[3.867s] -- Symlinking: /home/prasham/Prasham/GitHub/ros2_basics_ws/install/my_robot_interfaces/local/lib/python3.10/dist-packages/my_robot_interfaces/my_robot_interfaces_s__rosidl_typesupport_fastrtps_c.cpython-310-x86_64-linux-gnu.so
[3.877s] -- Symlinking: /home/prasham/Prasham/GitHub/ros2_basics_ws/install/my_robot_interfaces/local/lib/python3.10/dist-packages/my_robot_interfaces/my_robot_interfaces_s__rosidl_typesupport_introspection_c.cpython-310-x86_64-linux-gnu.so
[3.888s] -- Up-to-date symlink: /home/prasham/Prasham/GitHub/ros2_basics_ws/install/my_robot_interfaces/local/lib/python3.10/dist-packages/my_robot_interfaces/my_robot_interfaces_s__rosidl_typesupport_fastrtps_c.cpython-310-x86_64-linux-gnu.so
[3.888s] -- Up-to-date symlink: /home/prasham/Prasham/GitHub/ros2_basics_ws/install/my_robot_interfaces/local/lib/python3.10/dist-packages/my_robot_interfaces/my_robot_interfaces_s__rosidl_typesupport_introspection_c.cpython-310-x86_64-linux-gnu.so
[3.888s] -- Up-to-date symlink: /home/prasham/Prasham/GitHub/ros2_basics_ws/install/my_robot_interfaces/local/lib/python3.10/dist-packages/my_robot_interfaces/my_robot_interfaces_s__rosidl_typesupport_c.cpython-310-x86_64-linux-gnu.so
[3.888s] -- Symlinking: /home/prasham/Prasham/GitHub/ros2_basics_ws/install/my_robot_interfaces/share/my_robot_interfaces/msg/AliveTurtlesList.idl
[3.899s] -- Symlinking: /home/prasham/Prasham/GitHub/ros2_basics_ws/install/my_robot_interfaces/share/my_robot_interfaces/msg/AliveTurtlesList.msg
[3.909s] -- Symlinking: /home/prasham/Prasham/GitHub/ros2_basics_ws/install/my_robot_interfaces/share/ament_index/resource_index/package_run_dependencies/my_robot_interfaces
[3.919s] -- Symlinking: /home/prasham/Prasham/GitHub/ros2_basics_ws/install/my_robot_interfaces/share/ament_index/resource_index/parent_prefix_path/my_robot_interfaces
[3.930s] -- Symlinking: /home/prasham/Prasham/GitHub/ros2_basics_ws/install/my_robot_interfaces/share/my_robot_interfaces/environment/ament_prefix_path.sh
[3.941s] -- Symlinking: /home/prasham/Prasham/GitHub/ros2_basics_ws/install/my_robot_interfaces/share/my_robot_interfaces/environment/ament_prefix_path.dsv
[3.952s] -- Symlinking: /home/prasham/Prasham/GitHub/ros2_basics_ws/install/my_robot_interfaces/share/my_robot_interfaces/environment/path.sh
[3.962s] -- Symlinking: /home/prasham/Prasham/GitHub/ros2_basics_ws/install/my_robot_interfaces/share/my_robot_interfaces/environment/path.dsv
[3.972s] -- Symlinking: /home/prasham/Prasham/GitHub/ros2_basics_ws/install/my_robot_interfaces/share/my_robot_interfaces/local_setup.bash
[3.983s] -- Symlinking: /home/prasham/Prasham/GitHub/ros2_basics_ws/install/my_robot_interfaces/share/my_robot_interfaces/local_setup.sh
[3.993s] -- Symlinking: /home/prasham/Prasham/GitHub/ros2_basics_ws/install/my_robot_interfaces/share/my_robot_interfaces/local_setup.zsh
[4.003s] -- Symlinking: /home/prasham/Prasham/GitHub/ros2_basics_ws/install/my_robot_interfaces/share/my_robot_interfaces/local_setup.dsv
[4.014s] -- Symlinking: /home/prasham/Prasham/GitHub/ros2_basics_ws/install/my_robot_interfaces/share/my_robot_interfaces/package.dsv
[4.024s] -- Symlinking: /home/prasham/Prasham/GitHub/ros2_basics_ws/install/my_robot_interfaces/share/ament_index/resource_index/packages/my_robot_interfaces
[4.035s] -- Symlinking: /home/prasham/Prasham/GitHub/ros2_basics_ws/install/my_robot_interfaces/share/my_robot_interfaces/cmake/rosidl_cmake-extras.cmake
[4.046s] -- Symlinking: /home/prasham/Prasham/GitHub/ros2_basics_ws/install/my_robot_interfaces/share/my_robot_interfaces/cmake/ament_cmake_export_include_directories-extras.cmake
[4.056s] -- Symlinking: /home/prasham/Prasham/GitHub/ros2_basics_ws/install/my_robot_interfaces/share/my_robot_interfaces/cmake/ament_cmake_export_libraries-extras.cmake
[4.067s] -- Symlinking: /home/prasham/Prasham/GitHub/ros2_basics_ws/install/my_robot_interfaces/share/my_robot_interfaces/cmake/ament_cmake_export_targets-extras.cmake
[4.077s] -- Symlinking: /home/prasham/Prasham/GitHub/ros2_basics_ws/install/my_robot_interfaces/share/my_robot_interfaces/cmake/rosidl_cmake_export_typesupport_targets-extras.cmake
[4.088s] -- Symlinking: /home/prasham/Prasham/GitHub/ros2_basics_ws/install/my_robot_interfaces/share/my_robot_interfaces/cmake/ament_cmake_export_dependencies-extras.cmake
[4.098s] -- Symlinking: /home/prasham/Prasham/GitHub/ros2_basics_ws/install/my_robot_interfaces/share/my_robot_interfaces/cmake/rosidl_cmake_export_typesupport_libraries-extras.cmake
[4.108s] -- Symlinking: /home/prasham/Prasham/GitHub/ros2_basics_ws/install/my_robot_interfaces/share/my_robot_interfaces/cmake/my_robot_interfacesConfig.cmake
[4.119s] -- Symlinking: /home/prasham/Prasham/GitHub/ros2_basics_ws/install/my_robot_interfaces/share/my_robot_interfaces/cmake/my_robot_interfacesConfig-version.cmake
[4.129s] -- Symlinking: /home/prasham/Prasham/GitHub/ros2_basics_ws/install/my_robot_interfaces/share/my_robot_interfaces/package.xml
[4.141s] -- Installing: /home/prasham/Prasham/GitHub/ros2_basics_ws/install/my_robot_interfaces/lib/libmy_robot_interfaces__rosidl_generator_c.so
[4.141s] -- Set runtime path of "/home/prasham/Prasham/GitHub/ros2_basics_ws/install/my_robot_interfaces/lib/libmy_robot_interfaces__rosidl_generator_c.so" to ""
[4.141s] -- Installing: /home/prasham/Prasham/GitHub/ros2_basics_ws/install/my_robot_interfaces/lib/libmy_robot_interfaces__rosidl_typesupport_fastrtps_c.so
[4.142s] -- Set runtime path of "/home/prasham/Prasham/GitHub/ros2_basics_ws/install/my_robot_interfaces/lib/libmy_robot_interfaces__rosidl_typesupport_fastrtps_c.so" to ""
[4.142s] -- Installing: /home/prasham/Prasham/GitHub/ros2_basics_ws/install/my_robot_interfaces/lib/libmy_robot_interfaces__rosidl_typesupport_introspection_c.so
[4.142s] -- Set runtime path of "/home/prasham/Prasham/GitHub/ros2_basics_ws/install/my_robot_interfaces/lib/libmy_robot_interfaces__rosidl_typesupport_introspection_c.so" to ""
[4.142s] -- Installing: /home/prasham/Prasham/GitHub/ros2_basics_ws/install/my_robot_interfaces/lib/libmy_robot_interfaces__rosidl_typesupport_c.so
[4.143s] -- Set runtime path of "/home/prasham/Prasham/GitHub/ros2_basics_ws/install/my_robot_interfaces/lib/libmy_robot_interfaces__rosidl_typesupport_c.so" to ""
[4.143s] -- Installing: /home/prasham/Prasham/GitHub/ros2_basics_ws/install/my_robot_interfaces/lib/libmy_robot_interfaces__rosidl_typesupport_fastrtps_cpp.so
[4.143s] -- Set runtime path of "/home/prasham/Prasham/GitHub/ros2_basics_ws/install/my_robot_interfaces/lib/libmy_robot_interfaces__rosidl_typesupport_fastrtps_cpp.so" to ""
[4.144s] -- Installing: /home/prasham/Prasham/GitHub/ros2_basics_ws/install/my_robot_interfaces/lib/libmy_robot_interfaces__rosidl_typesupport_introspection_cpp.so
[4.144s] -- Set runtime path of "/home/prasham/Prasham/GitHub/ros2_basics_ws/install/my_robot_interfaces/lib/libmy_robot_interfaces__rosidl_typesupport_introspection_cpp.so" to ""
[4.144s] -- Installing: /home/prasham/Prasham/GitHub/ros2_basics_ws/install/my_robot_interfaces/lib/libmy_robot_interfaces__rosidl_typesupport_cpp.so
[4.145s] -- Set runtime path of "/home/prasham/Prasham/GitHub/ros2_basics_ws/install/my_robot_interfaces/lib/libmy_robot_interfaces__rosidl_typesupport_cpp.so" to ""
[4.195s] Listing '/home/prasham/Prasham/GitHub/ros2_basics_ws/install/my_robot_interfaces/local/lib/python3.10/dist-packages/my_robot_interfaces'...
[4.195s] Compiling '/home/prasham/Prasham/GitHub/ros2_basics_ws/install/my_robot_interfaces/local/lib/python3.10/dist-packages/my_robot_interfaces/__init__.py'...
[4.195s] Listing '/home/prasham/Prasham/GitHub/ros2_basics_ws/install/my_robot_interfaces/local/lib/python3.10/dist-packages/my_robot_interfaces/msg'...
[4.195s] Compiling '/home/prasham/Prasham/GitHub/ros2_basics_ws/install/my_robot_interfaces/local/lib/python3.10/dist-packages/my_robot_interfaces/msg/__init__.py'...
[4.195s] Compiling '/home/prasham/Prasham/GitHub/ros2_basics_ws/install/my_robot_interfaces/local/lib/python3.10/dist-packages/my_robot_interfaces/msg/_alive_turtles_list.py'...
[4.200s] -- Installing: /home/prasham/Prasham/GitHub/ros2_basics_ws/install/my_robot_interfaces/lib/libmy_robot_interfaces__rosidl_generator_py.so
[4.200s] -- Set runtime path of "/home/prasham/Prasham/GitHub/ros2_basics_ws/install/my_robot_interfaces/lib/libmy_robot_interfaces__rosidl_generator_py.so" to ""
[4.200s] -- Installing: /home/prasham/Prasham/GitHub/ros2_basics_ws/install/my_robot_interfaces/share/my_robot_interfaces/cmake/export_my_robot_interfaces__rosidl_generator_cExport.cmake
[4.200s] -- Installing: /home/prasham/Prasham/GitHub/ros2_basics_ws/install/my_robot_interfaces/share/my_robot_interfaces/cmake/export_my_robot_interfaces__rosidl_generator_cExport-noconfig.cmake
[4.201s] -- Installing: /home/prasham/Prasham/GitHub/ros2_basics_ws/install/my_robot_interfaces/share/my_robot_interfaces/cmake/export_my_robot_interfaces__rosidl_typesupport_fastrtps_cExport.cmake
[4.201s] -- Installing: /home/prasham/Prasham/GitHub/ros2_basics_ws/install/my_robot_interfaces/share/my_robot_interfaces/cmake/export_my_robot_interfaces__rosidl_typesupport_fastrtps_cExport-noconfig.cmake
[4.201s] -- Installing: /home/prasham/Prasham/GitHub/ros2_basics_ws/install/my_robot_interfaces/share/my_robot_interfaces/cmake/my_robot_interfaces__rosidl_typesupport_introspection_cExport.cmake
[4.201s] -- Installing: /home/prasham/Prasham/GitHub/ros2_basics_ws/install/my_robot_interfaces/share/my_robot_interfaces/cmake/my_robot_interfaces__rosidl_typesupport_introspection_cExport-noconfig.cmake
[4.201s] -- Installing: /home/prasham/Prasham/GitHub/ros2_basics_ws/install/my_robot_interfaces/share/my_robot_interfaces/cmake/my_robot_interfaces__rosidl_typesupport_cExport.cmake
[4.201s] -- Installing: /home/prasham/Prasham/GitHub/ros2_basics_ws/install/my_robot_interfaces/share/my_robot_interfaces/cmake/my_robot_interfaces__rosidl_typesupport_cExport-noconfig.cmake
[4.201s] -- Installing: /home/prasham/Prasham/GitHub/ros2_basics_ws/install/my_robot_interfaces/share/my_robot_interfaces/cmake/export_my_robot_interfaces__rosidl_generator_cppExport.cmake
[4.201s] -- Installing: /home/prasham/Prasham/GitHub/ros2_basics_ws/install/my_robot_interfaces/share/my_robot_interfaces/cmake/export_my_robot_interfaces__rosidl_typesupport_fastrtps_cppExport.cmake
[4.202s] -- Installing: /home/prasham/Prasham/GitHub/ros2_basics_ws/install/my_robot_interfaces/share/my_robot_interfaces/cmake/export_my_robot_interfaces__rosidl_typesupport_fastrtps_cppExport-noconfig.cmake
[4.202s] -- Installing: /home/prasham/Prasham/GitHub/ros2_basics_ws/install/my_robot_interfaces/share/my_robot_interfaces/cmake/my_robot_interfaces__rosidl_typesupport_introspection_cppExport.cmake
[4.202s] -- Installing: /home/prasham/Prasham/GitHub/ros2_basics_ws/install/my_robot_interfaces/share/my_robot_interfaces/cmake/my_robot_interfaces__rosidl_typesupport_introspection_cppExport-noconfig.cmake
[4.202s] -- Installing: /home/prasham/Prasham/GitHub/ros2_basics_ws/install/my_robot_interfaces/share/my_robot_interfaces/cmake/my_robot_interfaces__rosidl_typesupport_cppExport.cmake
[4.202s] -- Installing: /home/prasham/Prasham/GitHub/ros2_basics_ws/install/my_robot_interfaces/share/my_robot_interfaces/cmake/my_robot_interfaces__rosidl_typesupport_cppExport-noconfig.cmake
[4.202s] -- Installing: /home/prasham/Prasham/GitHub/ros2_basics_ws/install/my_robot_interfaces/share/my_robot_interfaces/cmake/export_my_robot_interfaces__rosidl_generator_pyExport.cmake
[4.203s] -- Installing: /home/prasham/Prasham/GitHub/ros2_basics_ws/install/my_robot_interfaces/share/my_robot_interfaces/cmake/export_my_robot_interfaces__rosidl_generator_pyExport-noconfig.cmake
[4.205s] Invoked command in '/home/prasham/Prasham/GitHub/ros2_basics_ws/build/my_robot_interfaces' returned '0': CMAKE_PREFIX_PATH=${CMAKE_PREFIX_PATH}:/home/prasham/Prasham/GitHub/ros2_basics_ws/install/my_py_pkg:/opt/ros/humble /usr/bin/cmake --install /home/prasham/Prasham/GitHub/ros2_basics_ws/build/my_robot_interfaces
