[0.649s] Invoking command in '/home/prasham/Prasham/GitHub/ros2_basics_ws/src/my_py_pkg': PYTHONPATH=/home/prasham/Prasham/GitHub/ros2_basics_ws/build/my_py_pkg/prefix_override:/usr/lib/python3/dist-packages/colcon_core/task/python/colcon_distutils_commands:/home/prasham/Prasham/GitHub/ros2_basics_ws/install/my_py_pkg/lib/python3.10/site-packages:${PYTHONPATH} /usr/bin/python3 -W ignore:setup.py install is deprecated setup.py egg_info --egg-base ../../build/my_py_pkg build --build-base /home/prasham/Prasham/GitHub/ros2_basics_ws/build/my_py_pkg/build install --record /home/prasham/Prasham/GitHub/ros2_basics_ws/build/my_py_pkg/install.log --single-version-externally-managed install_data
[0.901s] running egg_info
[0.902s] writing ../../build/my_py_pkg/my_py_pkg.egg-info/PKG-INFO
[0.902s] writing dependency_links to ../../build/my_py_pkg/my_py_pkg.egg-info/dependency_links.txt
[0.902s] writing entry points to ../../build/my_py_pkg/my_py_pkg.egg-info/entry_points.txt
[0.902s] writing requirements to ../../build/my_py_pkg/my_py_pkg.egg-info/requires.txt
[0.902s] writing top-level names to ../../build/my_py_pkg/my_py_pkg.egg-info/top_level.txt
[0.904s] reading manifest file '../../build/my_py_pkg/my_py_pkg.egg-info/SOURCES.txt'
[0.904s] adding license file 'LICENSE'
[0.904s] writing manifest file '../../build/my_py_pkg/my_py_pkg.egg-info/SOURCES.txt'
[0.905s] running build
[0.905s] running build_py
[0.905s] running install
[0.905s] running install_lib
[0.906s] running install_data
[0.906s] copying package.xml -> /home/prasham/Prasham/GitHub/ros2_basics_ws/install/my_py_pkg/share/my_py_pkg
[0.906s] running install_egg_info
[0.908s] removing '/home/prasham/Prasham/GitHub/ros2_basics_ws/install/my_py_pkg/lib/python3.10/site-packages/my_py_pkg-0.0.0-py3.10.egg-info' (and everything under it)
[0.908s] Copying ../../build/my_py_pkg/my_py_pkg.egg-info to /home/prasham/Prasham/GitHub/ros2_basics_ws/install/my_py_pkg/lib/python3.10/site-packages/my_py_pkg-0.0.0-py3.10.egg-info
[0.909s] running install_scripts
[0.928s] Installing turtle_controller script to /home/prasham/Prasham/GitHub/ros2_basics_ws/install/my_py_pkg/lib/my_py_pkg
[0.928s] Installing turtle_spawner script to /home/prasham/Prasham/GitHub/ros2_basics_ws/install/my_py_pkg/lib/my_py_pkg
[0.928s] writing list of installed files to '/home/prasham/Prasham/GitHub/ros2_basics_ws/build/my_py_pkg/install.log'
[0.954s] Invoked command in '/home/prasham/Prasham/GitHub/ros2_basics_ws/src/my_py_pkg' returned '0': PYTHONPATH=/home/prasham/Prasham/GitHub/ros2_basics_ws/build/my_py_pkg/prefix_override:/usr/lib/python3/dist-packages/colcon_core/task/python/colcon_distutils_commands:/home/prasham/Prasham/GitHub/ros2_basics_ws/install/my_py_pkg/lib/python3.10/site-packages:${PYTHONPATH} /usr/bin/python3 -W ignore:setup.py install is deprecated setup.py egg_info --egg-base ../../build/my_py_pkg build --build-base /home/prasham/Prasham/GitHub/ros2_basics_ws/build/my_py_pkg/build install --record /home/prasham/Prasham/GitHub/ros2_basics_ws/build/my_py_pkg/install.log --single-version-externally-managed install_data
