[0.278s] DEBUG:colcon:Command line arguments: ['/usr/bin/colcon', 'list', '-p', '--base-paths', '/home/prasham/Prasham/GitHub/ros2_basics_ws']
[0.278s] DEBUG:colcon:Parsed command line arguments: Namespace(log_base=None, log_level=None, verb_name='list', build_base='build', ignore_user_meta=False, metas=['./colcon.meta'], base_paths=['/home/prasham/Prasham/GitHub/ros2_basics_ws'], packages_ignore=None, packages_ignore_regex=None, paths=None, packages_up_to=None, packages_up_to_regex=None, packages_above=None, packages_above_and_dependencies=None, packages_above_depth=None, packages_select_by_dep=None, packages_skip_by_dep=None, packages_skip_up_to=None, packages_select_build_failed=False, packages_skip_build_finished=False, packages_select_test_failures=False, packages_skip_test_passed=False, packages_select=None, packages_skip=None, packages_select_regex=None, packages_skip_regex=None, packages_start=None, packages_end=None, allow_overriding=[], topological_order=False, names_only=False, paths_only=True, topological_graph=False, topological_graph_dot=False, topological_graph_density=False, topological_graph_legend=False, topological_graph_dot_cluster=False, topological_graph_dot_include_skipped=False, mixin_files=None, mixin=None, verb_parser=<colcon_mixin.mixin.mixin_argument.MixinArgumentDecorator object at 0x7fb7e7f11570>, verb_extension=<colcon_package_information.verb.list.ListVerb object at 0x7fb7e7f10490>, main=<bound method ListVerb.main of <colcon_package_information.verb.list.ListVerb object at 0x7fb7e7f10490>>, mixin_verb=('list',))
[0.837s] Level 1:colcon.colcon_core.package_discovery:discover_packages(colcon_meta) check parameters
[0.838s] Level 1:colcon.colcon_core.package_discovery:discover_packages(recursive) check parameters
[0.838s] Level 1:colcon.colcon_core.package_discovery:discover_packages(ignore) check parameters
[0.838s] Level 1:colcon.colcon_core.package_discovery:discover_packages(path) check parameters
[0.838s] Level 1:colcon.colcon_core.package_discovery:discover_packages(recursive) discover
[0.838s] INFO:colcon.colcon_core.package_discovery:Crawling recursively for packages in '/home/prasham/Prasham/GitHub/ros2_basics_ws'
[0.838s] Level 1:colcon.colcon_core.package_identification:_identify(/home/prasham/Prasham/GitHub/ros2_basics_ws) by extensions ['ignore', 'ignore_ament_install']
[0.838s] Level 1:colcon.colcon_core.package_identification:_identify(/home/prasham/Prasham/GitHub/ros2_basics_ws) by extension 'ignore'
[0.838s] Level 1:colcon.colcon_core.package_identification:_identify(/home/prasham/Prasham/GitHub/ros2_basics_ws) by extension 'ignore_ament_install'
[0.839s] Level 1:colcon.colcon_core.package_identification:_identify(/home/prasham/Prasham/GitHub/ros2_basics_ws) by extensions ['colcon_pkg']
[0.839s] Level 1:colcon.colcon_core.package_identification:_identify(/home/prasham/Prasham/GitHub/ros2_basics_ws) by extension 'colcon_pkg'
[0.839s] Level 1:colcon.colcon_core.package_identification:_identify(/home/prasham/Prasham/GitHub/ros2_basics_ws) by extensions ['colcon_meta']
[0.839s] Level 1:colcon.colcon_core.package_identification:_identify(/home/prasham/Prasham/GitHub/ros2_basics_ws) by extension 'colcon_meta'
[0.839s] Level 1:colcon.colcon_core.package_identification:_identify(/home/prasham/Prasham/GitHub/ros2_basics_ws) by extensions ['ros']
[0.839s] Level 1:colcon.colcon_core.package_identification:_identify(/home/prasham/Prasham/GitHub/ros2_basics_ws) by extension 'ros'
[0.859s] Level 1:colcon.colcon_core.package_identification:_identify(/home/prasham/Prasham/GitHub/ros2_basics_ws) by extensions ['cmake', 'python']
[0.859s] Level 1:colcon.colcon_core.package_identification:_identify(/home/prasham/Prasham/GitHub/ros2_basics_ws) by extension 'cmake'
[0.859s] Level 1:colcon.colcon_core.package_identification:_identify(/home/prasham/Prasham/GitHub/ros2_basics_ws) by extension 'python'
[0.859s] Level 1:colcon.colcon_core.package_identification:_identify(/home/prasham/Prasham/GitHub/ros2_basics_ws) by extensions ['python_setup_py']
[0.859s] Level 1:colcon.colcon_core.package_identification:_identify(/home/prasham/Prasham/GitHub/ros2_basics_ws) by extension 'python_setup_py'
[0.859s] Level 1:colcon.colcon_core.package_identification:_identify(/home/prasham/Prasham/GitHub/ros2_basics_ws/build) by extensions ['ignore', 'ignore_ament_install']
[0.860s] Level 1:colcon.colcon_core.package_identification:_identify(/home/prasham/Prasham/GitHub/ros2_basics_ws/build) by extension 'ignore'
[0.860s] Level 1:colcon.colcon_core.package_identification:_identify(/home/prasham/Prasham/GitHub/ros2_basics_ws/build) ignored
[0.860s] Level 1:colcon.colcon_core.package_identification:_identify(/home/prasham/Prasham/GitHub/ros2_basics_ws/install) by extensions ['ignore', 'ignore_ament_install']
[0.860s] Level 1:colcon.colcon_core.package_identification:_identify(/home/prasham/Prasham/GitHub/ros2_basics_ws/install) by extension 'ignore'
[0.860s] Level 1:colcon.colcon_core.package_identification:_identify(/home/prasham/Prasham/GitHub/ros2_basics_ws/install) ignored
[0.861s] Level 1:colcon.colcon_core.package_identification:_identify(/home/prasham/Prasham/GitHub/ros2_basics_ws/log) by extensions ['ignore', 'ignore_ament_install']
[0.861s] Level 1:colcon.colcon_core.package_identification:_identify(/home/prasham/Prasham/GitHub/ros2_basics_ws/log) by extension 'ignore'
[0.861s] Level 1:colcon.colcon_core.package_identification:_identify(/home/prasham/Prasham/GitHub/ros2_basics_ws/log) ignored
[0.861s] Level 1:colcon.colcon_core.package_identification:_identify(/home/prasham/Prasham/GitHub/ros2_basics_ws/src) by extensions ['ignore', 'ignore_ament_install']
[0.861s] Level 1:colcon.colcon_core.package_identification:_identify(/home/prasham/Prasham/GitHub/ros2_basics_ws/src) by extension 'ignore'
[0.861s] Level 1:colcon.colcon_core.package_identification:_identify(/home/prasham/Prasham/GitHub/ros2_basics_ws/src) by extension 'ignore_ament_install'
[0.861s] Level 1:colcon.colcon_core.package_identification:_identify(/home/prasham/Prasham/GitHub/ros2_basics_ws/src) by extensions ['colcon_pkg']
[0.861s] Level 1:colcon.colcon_core.package_identification:_identify(/home/prasham/Prasham/GitHub/ros2_basics_ws/src) by extension 'colcon_pkg'
[0.861s] Level 1:colcon.colcon_core.package_identification:_identify(/home/prasham/Prasham/GitHub/ros2_basics_ws/src) by extensions ['colcon_meta']
[0.862s] Level 1:colcon.colcon_core.package_identification:_identify(/home/prasham/Prasham/GitHub/ros2_basics_ws/src) by extension 'colcon_meta'
[0.862s] Level 1:colcon.colcon_core.package_identification:_identify(/home/prasham/Prasham/GitHub/ros2_basics_ws/src) by extensions ['ros']
[0.862s] Level 1:colcon.colcon_core.package_identification:_identify(/home/prasham/Prasham/GitHub/ros2_basics_ws/src) by extension 'ros'
[0.862s] Level 1:colcon.colcon_core.package_identification:_identify(/home/prasham/Prasham/GitHub/ros2_basics_ws/src) by extensions ['cmake', 'python']
[0.862s] Level 1:colcon.colcon_core.package_identification:_identify(/home/prasham/Prasham/GitHub/ros2_basics_ws/src) by extension 'cmake'
[0.862s] Level 1:colcon.colcon_core.package_identification:_identify(/home/prasham/Prasham/GitHub/ros2_basics_ws/src) by extension 'python'
[0.862s] Level 1:colcon.colcon_core.package_identification:_identify(/home/prasham/Prasham/GitHub/ros2_basics_ws/src) by extensions ['python_setup_py']
[0.862s] Level 1:colcon.colcon_core.package_identification:_identify(/home/prasham/Prasham/GitHub/ros2_basics_ws/src) by extension 'python_setup_py'
[0.863s] Level 1:colcon.colcon_core.package_identification:_identify(/home/prasham/Prasham/GitHub/ros2_basics_ws/src/my_py_pkg) by extensions ['ignore', 'ignore_ament_install']
[0.863s] Level 1:colcon.colcon_core.package_identification:_identify(/home/prasham/Prasham/GitHub/ros2_basics_ws/src/my_py_pkg) by extension 'ignore'
[0.863s] Level 1:colcon.colcon_core.package_identification:_identify(/home/prasham/Prasham/GitHub/ros2_basics_ws/src/my_py_pkg) by extension 'ignore_ament_install'
[0.863s] Level 1:colcon.colcon_core.package_identification:_identify(/home/prasham/Prasham/GitHub/ros2_basics_ws/src/my_py_pkg) by extensions ['colcon_pkg']
[0.863s] Level 1:colcon.colcon_core.package_identification:_identify(/home/prasham/Prasham/GitHub/ros2_basics_ws/src/my_py_pkg) by extension 'colcon_pkg'
[0.863s] Level 1:colcon.colcon_core.package_identification:_identify(/home/prasham/Prasham/GitHub/ros2_basics_ws/src/my_py_pkg) by extensions ['colcon_meta']
[0.863s] Level 1:colcon.colcon_core.package_identification:_identify(/home/prasham/Prasham/GitHub/ros2_basics_ws/src/my_py_pkg) by extension 'colcon_meta'
[0.863s] Level 1:colcon.colcon_core.package_identification:_identify(/home/prasham/Prasham/GitHub/ros2_basics_ws/src/my_py_pkg) by extensions ['ros']
[0.864s] Level 1:colcon.colcon_core.package_identification:_identify(/home/prasham/Prasham/GitHub/ros2_basics_ws/src/my_py_pkg) by extension 'ros'
[0.868s] DEBUG:colcon.colcon_core.package_identification:Package '/home/prasham/Prasham/GitHub/ros2_basics_ws/src/my_py_pkg' with type 'ros.ament_python' and name 'my_py_pkg'
[0.869s] Level 1:colcon.colcon_core.package_identification:_identify(/home/prasham/Prasham/GitHub/ros2_basics_ws/src/my_robot_bringup) by extensions ['ignore', 'ignore_ament_install']
[0.869s] Level 1:colcon.colcon_core.package_identification:_identify(/home/prasham/Prasham/GitHub/ros2_basics_ws/src/my_robot_bringup) by extension 'ignore'
[0.869s] Level 1:colcon.colcon_core.package_identification:_identify(/home/prasham/Prasham/GitHub/ros2_basics_ws/src/my_robot_bringup) by extension 'ignore_ament_install'
[0.869s] Level 1:colcon.colcon_core.package_identification:_identify(/home/prasham/Prasham/GitHub/ros2_basics_ws/src/my_robot_bringup) by extensions ['colcon_pkg']
[0.869s] Level 1:colcon.colcon_core.package_identification:_identify(/home/prasham/Prasham/GitHub/ros2_basics_ws/src/my_robot_bringup) by extension 'colcon_pkg'
[0.869s] Level 1:colcon.colcon_core.package_identification:_identify(/home/prasham/Prasham/GitHub/ros2_basics_ws/src/my_robot_bringup) by extensions ['colcon_meta']
[0.869s] Level 1:colcon.colcon_core.package_identification:_identify(/home/prasham/Prasham/GitHub/ros2_basics_ws/src/my_robot_bringup) by extension 'colcon_meta'
[0.869s] Level 1:colcon.colcon_core.package_identification:_identify(/home/prasham/Prasham/GitHub/ros2_basics_ws/src/my_robot_bringup) by extensions ['ros']
[0.869s] Level 1:colcon.colcon_core.package_identification:_identify(/home/prasham/Prasham/GitHub/ros2_basics_ws/src/my_robot_bringup) by extension 'ros'
[0.871s] DEBUG:colcon.colcon_core.package_identification:Package '/home/prasham/Prasham/GitHub/ros2_basics_ws/src/my_robot_bringup' with type 'ros.ament_cmake' and name 'my_robot_bringup'
[0.871s] Level 1:colcon.colcon_core.package_identification:_identify(/home/prasham/Prasham/GitHub/ros2_basics_ws/src/my_robot_interfaces) by extensions ['ignore', 'ignore_ament_install']
[0.871s] Level 1:colcon.colcon_core.package_identification:_identify(/home/prasham/Prasham/GitHub/ros2_basics_ws/src/my_robot_interfaces) by extension 'ignore'
[0.871s] Level 1:colcon.colcon_core.package_identification:_identify(/home/prasham/Prasham/GitHub/ros2_basics_ws/src/my_robot_interfaces) by extension 'ignore_ament_install'
[0.871s] Level 1:colcon.colcon_core.package_identification:_identify(/home/prasham/Prasham/GitHub/ros2_basics_ws/src/my_robot_interfaces) by extensions ['colcon_pkg']
[0.871s] Level 1:colcon.colcon_core.package_identification:_identify(/home/prasham/Prasham/GitHub/ros2_basics_ws/src/my_robot_interfaces) by extension 'colcon_pkg'
[0.872s] Level 1:colcon.colcon_core.package_identification:_identify(/home/prasham/Prasham/GitHub/ros2_basics_ws/src/my_robot_interfaces) by extensions ['colcon_meta']
[0.872s] Level 1:colcon.colcon_core.package_identification:_identify(/home/prasham/Prasham/GitHub/ros2_basics_ws/src/my_robot_interfaces) by extension 'colcon_meta'
[0.872s] Level 1:colcon.colcon_core.package_identification:_identify(/home/prasham/Prasham/GitHub/ros2_basics_ws/src/my_robot_interfaces) by extensions ['ros']
[0.872s] Level 1:colcon.colcon_core.package_identification:_identify(/home/prasham/Prasham/GitHub/ros2_basics_ws/src/my_robot_interfaces) by extension 'ros'
[0.873s] DEBUG:colcon.colcon_core.package_identification:Package '/home/prasham/Prasham/GitHub/ros2_basics_ws/src/my_robot_interfaces' with type 'ros.ament_cmake' and name 'my_robot_interfaces'
[0.873s] Level 1:colcon.colcon_core.package_discovery:discover_packages(recursive) using defaults
