[0.879s] Invoking command in '/home/prasham/Prasham/GitHub/ros2_basics_ws/src/my_py_pkg': PYTHONPATH=/home/prasham/Prasham/GitHub/ros2_basics_ws/build/my_py_pkg/prefix_override:/usr/lib/python3/dist-packages/colcon_core/task/python/colcon_distutils_commands:/home/prasham/Prasham/GitHub/ros2_basics_ws/install/my_py_pkg/lib/python3.10/site-packages:${PYTHONPATH} /usr/bin/python3 -W ignore:setup.py install is deprecated setup.py egg_info --egg-base ../../build/my_py_pkg build --build-base /home/prasham/Prasham/GitHub/ros2_basics_ws/build/my_py_pkg/build install --record /home/prasham/Prasham/GitHub/ros2_basics_ws/build/my_py_pkg/install.log --single-version-externally-managed install_data
[1.324s] running egg_info
[1.325s] writing ../../build/my_py_pkg/my_py_pkg.egg-info/PKG-INFO
[1.325s] writing dependency_links to ../../build/my_py_pkg/my_py_pkg.egg-info/dependency_links.txt
[1.326s] writing entry points to ../../build/my_py_pkg/my_py_pkg.egg-info/entry_points.txt
[1.326s] writing requirements to ../../build/my_py_pkg/my_py_pkg.egg-info/requires.txt
[1.326s] writing top-level names to ../../build/my_py_pkg/my_py_pkg.egg-info/top_level.txt
[1.328s] reading manifest file '../../build/my_py_pkg/my_py_pkg.egg-info/SOURCES.txt'
[1.329s] adding license file 'LICENSE'
[1.330s] writing manifest file '../../build/my_py_pkg/my_py_pkg.egg-info/SOURCES.txt'
[1.331s] running build
[1.331s] running build_py
[1.331s] copying my_py_pkg/turtle_controller.py -> /home/prasham/Prasham/GitHub/ros2_basics_ws/build/my_py_pkg/build/lib/my_py_pkg
[1.331s] running install
[1.331s] running install_lib
[1.333s] copying /home/prasham/Prasham/GitHub/ros2_basics_ws/build/my_py_pkg/build/lib/my_py_pkg/turtle_controller.py -> /home/prasham/Prasham/GitHub/ros2_basics_ws/install/my_py_pkg/lib/python3.10/site-packages/my_py_pkg
[1.333s] byte-compiling /home/prasham/Prasham/GitHub/ros2_basics_ws/install/my_py_pkg/lib/python3.10/site-packages/my_py_pkg/turtle_controller.py to turtle_controller.cpython-310.pyc
[1.334s] running install_data
[1.335s] running install_egg_info
[1.337s] removing '/home/prasham/Prasham/GitHub/ros2_basics_ws/install/my_py_pkg/lib/python3.10/site-packages/my_py_pkg-0.0.0-py3.10.egg-info' (and everything under it)
[1.338s] Copying ../../build/my_py_pkg/my_py_pkg.egg-info to /home/prasham/Prasham/GitHub/ros2_basics_ws/install/my_py_pkg/lib/python3.10/site-packages/my_py_pkg-0.0.0-py3.10.egg-info
[1.339s] running install_scripts
[1.371s] Installing turtle_controller script to /home/prasham/Prasham/GitHub/ros2_basics_ws/install/my_py_pkg/lib/my_py_pkg
[1.371s] writing list of installed files to '/home/prasham/Prasham/GitHub/ros2_basics_ws/build/my_py_pkg/install.log'
[1.400s] Invoked command in '/home/prasham/Prasham/GitHub/ros2_basics_ws/src/my_py_pkg' returned '0': PYTHONPATH=/home/prasham/Prasham/GitHub/ros2_basics_ws/build/my_py_pkg/prefix_override:/usr/lib/python3/dist-packages/colcon_core/task/python/colcon_distutils_commands:/home/prasham/Prasham/GitHub/ros2_basics_ws/install/my_py_pkg/lib/python3.10/site-packages:${PYTHONPATH} /usr/bin/python3 -W ignore:setup.py install is deprecated setup.py egg_info --egg-base ../../build/my_py_pkg build --build-base /home/prasham/Prasham/GitHub/ros2_basics_ws/build/my_py_pkg/build install --record /home/prasham/Prasham/GitHub/ros2_basics_ws/build/my_py_pkg/install.log --single-version-externally-managed install_data
