running egg_info
writing ../../build/my_py_pkg/my_py_pkg.egg-info/PKG-INFO
writing dependency_links to ../../build/my_py_pkg/my_py_pkg.egg-info/dependency_links.txt
writing entry points to ../../build/my_py_pkg/my_py_pkg.egg-info/entry_points.txt
writing requirements to ../../build/my_py_pkg/my_py_pkg.egg-info/requires.txt
writing top-level names to ../../build/my_py_pkg/my_py_pkg.egg-info/top_level.txt
reading manifest file '../../build/my_py_pkg/my_py_pkg.egg-info/SOURCES.txt'
adding license file 'LICENSE'
writing manifest file '../../build/my_py_pkg/my_py_pkg.egg-info/SOURCES.txt'
running build
running build_py
copying my_py_pkg/turtle_controller.py -> /home/prasham/Prasham/GitHub/ros2_basics_ws/build/my_py_pkg/build/lib/my_py_pkg
copying my_py_pkg/turtle_spawner.py -> /home/prasham/Prasham/GitHub/ros2_basics_ws/build/my_py_pkg/build/lib/my_py_pkg
running install
running install_lib
copying /home/prasham/Prasham/GitHub/ros2_basics_ws/build/my_py_pkg/build/lib/my_py_pkg/turtle_controller.py -> /home/prasham/Prasham/GitHub/ros2_basics_ws/install/my_py_pkg/lib/python3.10/site-packages/my_py_pkg
copying /home/prasham/Prasham/GitHub/ros2_basics_ws/build/my_py_pkg/build/lib/my_py_pkg/turtle_spawner.py -> /home/prasham/Prasham/GitHub/ros2_basics_ws/install/my_py_pkg/lib/python3.10/site-packages/my_py_pkg
byte-compiling /home/prasham/Prasham/GitHub/ros2_basics_ws/install/my_py_pkg/lib/python3.10/site-packages/my_py_pkg/turtle_controller.py to turtle_controller.cpython-310.pyc
byte-compiling /home/prasham/Prasham/GitHub/ros2_basics_ws/install/my_py_pkg/lib/python3.10/site-packages/my_py_pkg/turtle_spawner.py to turtle_spawner.cpython-310.pyc
running install_data
running install_egg_info
removing '/home/prasham/Prasham/GitHub/ros2_basics_ws/install/my_py_pkg/lib/python3.10/site-packages/my_py_pkg-0.0.0-py3.10.egg-info' (and everything under it)
Copying ../../build/my_py_pkg/my_py_pkg.egg-info to /home/prasham/Prasham/GitHub/ros2_basics_ws/install/my_py_pkg/lib/python3.10/site-packages/my_py_pkg-0.0.0-py3.10.egg-info
running install_scripts
Installing turtle_controller script to /home/prasham/Prasham/GitHub/ros2_basics_ws/install/my_py_pkg/lib/my_py_pkg
Installing turtle_spawner script to /home/prasham/Prasham/GitHub/ros2_basics_ws/install/my_py_pkg/lib/my_py_pkg
writing list of installed files to '/home/prasham/Prasham/GitHub/ros2_basics_ws/build/my_py_pkg/install.log'
