[0.278s] Invoking command in '/home/prasham/Prasham/GitHub/ros2_basics_ws/build/my_robot_bringup': CMAKE_PREFIX_PATH=/opt/ros/humble /usr/bin/cmake --build /home/prasham/Prasham/GitHub/ros2_basics_ws/build/my_robot_bringup -- -j8 -l8
[0.315s] Invoked command in '/home/prasham/Prasham/GitHub/ros2_basics_ws/build/my_robot_bringup' returned '0': CMAKE_PREFIX_PATH=/opt/ros/humble /usr/bin/cmake --build /home/prasham/Prasham/GitHub/ros2_basics_ws/build/my_robot_bringup -- -j8 -l8
[0.349s] Invoking command in '/home/prasham/Prasham/GitHub/ros2_basics_ws/build/my_robot_bringup': CMAKE_PREFIX_PATH=/opt/ros/humble /usr/bin/cmake --install /home/prasham/Prasham/GitHub/ros2_basics_ws/build/my_robot_bringup
[0.356s] -- Install configuration: ""
[0.357s] -- Execute custom install script
[0.357s] -- Up-to-date symlink: /home/prasham/Prasham/GitHub/ros2_basics_ws/install/my_robot_bringup/share/ament_index/resource_index/package_run_dependencies/my_robot_bringup
[0.357s] -- Up-to-date symlink: /home/prasham/Prasham/GitHub/ros2_basics_ws/install/my_robot_bringup/share/ament_index/resource_index/parent_prefix_path/my_robot_bringup
[0.357s] -- Up-to-date symlink: /home/prasham/Prasham/GitHub/ros2_basics_ws/install/my_robot_bringup/share/my_robot_bringup/environment/ament_prefix_path.sh
[0.357s] -- Up-to-date symlink: /home/prasham/Prasham/GitHub/ros2_basics_ws/install/my_robot_bringup/share/my_robot_bringup/environment/ament_prefix_path.dsv
[0.358s] -- Up-to-date symlink: /home/prasham/Prasham/GitHub/ros2_basics_ws/install/my_robot_bringup/share/my_robot_bringup/environment/path.sh
[0.358s] -- Up-to-date symlink: /home/prasham/Prasham/GitHub/ros2_basics_ws/install/my_robot_bringup/share/my_robot_bringup/environment/path.dsv
[0.358s] -- Up-to-date symlink: /home/prasham/Prasham/GitHub/ros2_basics_ws/install/my_robot_bringup/share/my_robot_bringup/local_setup.bash
[0.358s] -- Up-to-date symlink: /home/prasham/Prasham/GitHub/ros2_basics_ws/install/my_robot_bringup/share/my_robot_bringup/local_setup.sh
[0.359s] -- Up-to-date symlink: /home/prasham/Prasham/GitHub/ros2_basics_ws/install/my_robot_bringup/share/my_robot_bringup/local_setup.zsh
[0.359s] -- Up-to-date symlink: /home/prasham/Prasham/GitHub/ros2_basics_ws/install/my_robot_bringup/share/my_robot_bringup/local_setup.dsv
[0.359s] -- Up-to-date symlink: /home/prasham/Prasham/GitHub/ros2_basics_ws/install/my_robot_bringup/share/my_robot_bringup/package.dsv
[0.359s] -- Up-to-date symlink: /home/prasham/Prasham/GitHub/ros2_basics_ws/install/my_robot_bringup/share/ament_index/resource_index/packages/my_robot_bringup
[0.359s] -- Up-to-date symlink: /home/prasham/Prasham/GitHub/ros2_basics_ws/install/my_robot_bringup/share/my_robot_bringup/cmake/my_robot_bringupConfig.cmake
[0.360s] -- Up-to-date symlink: /home/prasham/Prasham/GitHub/ros2_basics_ws/install/my_robot_bringup/share/my_robot_bringup/cmake/my_robot_bringupConfig-version.cmake
[0.360s] -- Up-to-date symlink: /home/prasham/Prasham/GitHub/ros2_basics_ws/install/my_robot_bringup/share/my_robot_bringup/package.xml
[0.362s] Invoked command in '/home/prasham/Prasham/GitHub/ros2_basics_ws/build/my_robot_bringup' returned '0': CMAKE_PREFIX_PATH=/opt/ros/humble /usr/bin/cmake --install /home/prasham/Prasham/GitHub/ros2_basics_ws/build/my_robot_bringup
