[0.643s] Invoking command in '/home/prasham/Prasham/GitHub/ros2_basics_ws/src/my_py_pkg': PYTHONPATH=/home/prasham/Prasham/GitHub/ros2_basics_ws/build/my_py_pkg/prefix_override:/usr/lib/python3/dist-packages/colcon_core/task/python/colcon_distutils_commands:/home/prasham/Prasham/GitHub/ros2_basics_ws/install/my_py_pkg/lib/python3.10/site-packages:${PYTHONPATH} /usr/bin/python3 -W ignore:setup.py install is deprecated setup.py egg_info --egg-base ../../build/my_py_pkg build --build-base /home/prasham/Prasham/GitHub/ros2_basics_ws/build/my_py_pkg/build install --record /home/prasham/Prasham/GitHub/ros2_basics_ws/build/my_py_pkg/install.log --single-version-externally-managed install_data
[0.896s] running egg_info
[0.896s] writing ../../build/my_py_pkg/my_py_pkg.egg-info/PKG-INFO
[0.896s] writing dependency_links to ../../build/my_py_pkg/my_py_pkg.egg-info/dependency_links.txt
[0.897s] writing entry points to ../../build/my_py_pkg/my_py_pkg.egg-info/entry_points.txt
[0.897s] writing requirements to ../../build/my_py_pkg/my_py_pkg.egg-info/requires.txt
[0.897s] writing top-level names to ../../build/my_py_pkg/my_py_pkg.egg-info/top_level.txt
[0.898s] reading manifest file '../../build/my_py_pkg/my_py_pkg.egg-info/SOURCES.txt'
[0.898s] adding license file 'LICENSE'
[0.899s] writing manifest file '../../build/my_py_pkg/my_py_pkg.egg-info/SOURCES.txt'
[0.899s] running build
[0.899s] running build_py
[0.899s] copying my_py_pkg/turtle_spawner.py -> /home/prasham/Prasham/GitHub/ros2_basics_ws/build/my_py_pkg/build/lib/my_py_pkg
[0.899s] running install
[0.900s] running install_lib
[0.900s] copying /home/prasham/Prasham/GitHub/ros2_basics_ws/build/my_py_pkg/build/lib/my_py_pkg/turtle_spawner.py -> /home/prasham/Prasham/GitHub/ros2_basics_ws/install/my_py_pkg/lib/python3.10/site-packages/my_py_pkg
[0.901s] byte-compiling /home/prasham/Prasham/GitHub/ros2_basics_ws/install/my_py_pkg/lib/python3.10/site-packages/my_py_pkg/turtle_spawner.py to turtle_spawner.cpython-310.pyc
[0.901s] running install_data
[0.902s] running install_egg_info
[0.903s] removing '/home/prasham/Prasham/GitHub/ros2_basics_ws/install/my_py_pkg/lib/python3.10/site-packages/my_py_pkg-0.0.0-py3.10.egg-info' (and everything under it)
[0.903s] Copying ../../build/my_py_pkg/my_py_pkg.egg-info to /home/prasham/Prasham/GitHub/ros2_basics_ws/install/my_py_pkg/lib/python3.10/site-packages/my_py_pkg-0.0.0-py3.10.egg-info
[0.904s] running install_scripts
[0.923s] Installing turtle_controller script to /home/prasham/Prasham/GitHub/ros2_basics_ws/install/my_py_pkg/lib/my_py_pkg
[0.923s] Installing turtle_spawner script to /home/prasham/Prasham/GitHub/ros2_basics_ws/install/my_py_pkg/lib/my_py_pkg
[0.923s] writing list of installed files to '/home/prasham/Prasham/GitHub/ros2_basics_ws/build/my_py_pkg/install.log'
[0.946s] Invoked command in '/home/prasham/Prasham/GitHub/ros2_basics_ws/src/my_py_pkg' returned '0': PYTHONPATH=/home/prasham/Prasham/GitHub/ros2_basics_ws/build/my_py_pkg/prefix_override:/usr/lib/python3/dist-packages/colcon_core/task/python/colcon_distutils_commands:/home/prasham/Prasham/GitHub/ros2_basics_ws/install/my_py_pkg/lib/python3.10/site-packages:${PYTHONPATH} /usr/bin/python3 -W ignore:setup.py install is deprecated setup.py egg_info --egg-base ../../build/my_py_pkg build --build-base /home/prasham/Prasham/GitHub/ros2_basics_ws/build/my_py_pkg/build install --record /home/prasham/Prasham/GitHub/ros2_basics_ws/build/my_py_pkg/install.log --single-version-externally-managed install_data
